[START] 2026-02-17 00:25:17
[INFO] ROOT_DIR=/Users/jenkim/Downloads/05_프로젝트_개발/2026_Antigravity/projects/team-korea-winter-2025-26_20260123/V6/v7_복구
[STEP] data pipeline (v7_복구 local scripts)
🚀 Team Korea Data Pipeline (V6 Agent System)
=============================================
📋 Found 43 athlete URLs.
🔍 Agent A: Scraping 43 athletes...
  [Fetching] https://www.fis-ski.com/DB/general/athlete-biography.html?sectorcode=FS&competitorid=235622&type=result
  [Retry 1] HTTPSConnectionPool(host='www.fis-ski.com', port=443): Max retries exceeded with url: /DB/general/athlete-biography.html?sectorcode=FS&competitorid=235622&type=result (Caused by NameResolutionError("HTTPSConnection(host='www.fis-ski.com', port=443): Failed to resolve 'www.fis-ski.com' ([Errno 8] nodename nor servname provided, or not known)"))
  [Retry 2] HTTPSConnectionPool(host='www.fis-ski.com', port=443): Max retries exceeded with url: /DB/general/athlete-biography.html?sectorcode=FS&competitorid=235622&type=result (Caused by NameResolutionError("HTTPSConnection(host='www.fis-ski.com', port=443): Failed to resolve 'www.fis-ski.com' ([Errno 8] nodename nor servname provided, or not known)"))
  [Retry 3] HTTPSConnectionPool(host='www.fis-ski.com', port=443): Max retries exceeded with url: /DB/general/athlete-biography.html?sectorcode=FS&competitorid=235622&type=result (Caused by NameResolutionError("HTTPSConnection(host='www.fis-ski.com', port=443): Failed to resolve 'www.fis-ski.com' ([Errno 8] nodename nor servname provided, or not known)"))
  [Fail] HTTPSConnectionPool(host='www.fis-ski.com', port=443): Max retries exceeded with url: /DB/general/athlete-biography.html?sectorcode=FS&competitorid=235622&type=result (Caused by NameResolutionError("HTTPSConnection(host='www.fis-ski.com', port=443): Failed to resolve 'www.fis-ski.com' ([Errno 8] nodename nor servname provided, or not known)"))
  [StaleCacheFallback] 235622&type=result
  [Fetching] https://www.fis-ski.com/DB/general/athlete-biography.html?sectorcode=FS&competitorid=239278&type=result
  [Retry 1] HTTPSConnectionPool(host='www.fis-ski.com', port=443): Max retries exceeded with url: /DB/general/athlete-biography.html?sectorcode=FS&competitorid=239278&type=result (Caused by NameResolutionError("HTTPSConnection(host='www.fis-ski.com', port=443): Failed to resolve 'www.fis-ski.com' ([Errno 8] nodename nor servname provided, or not known)"))
  [Retry 2] HTTPSConnectionPool(host='www.fis-ski.com', port=443): Max retries exceeded with url: /DB/general/athlete-biography.html?sectorcode=FS&competitorid=239278&type=result (Caused by NameResolutionError("HTTPSConnection(host='www.fis-ski.com', port=443): Failed to resolve 'www.fis-ski.com' ([Errno 8] nodename nor servname provided, or not known)"))
  [Retry 3] HTTPSConnectionPool(host='www.fis-ski.com', port=443): Max retries exceeded with url: /DB/general/athlete-biography.html?sectorcode=FS&competitorid=239278&type=result (Caused by NameResolutionError("HTTPSConnection(host='www.fis-ski.com', port=443): Failed to resolve 'www.fis-ski.com' ([Errno 8] nodename nor servname provided, or not known)"))
  [Fail] HTTPSConnectionPool(host='www.fis-ski.com', port=443): Max retries exceeded with url: /DB/general/athlete-biography.html?sectorcode=FS&competitorid=239278&type=result (Caused by NameResolutionError("HTTPSConnection(host='www.fis-ski.com', port=443): Failed to resolve 'www.fis-ski.com' ([Errno 8] nodename nor servname provided, or not known)"))
  [StaleCacheFallback] 239278&type=result
  [Fetching] https://www.fis-ski.com/DB/general/athlete-biography.html?sectorcode=FS&competitorid=233691&type=result
  [Retry 1] HTTPSConnectionPool(host='www.fis-ski.com', port=443): Max retries exceeded with url: /DB/general/athlete-biography.html?sectorcode=FS&competitorid=233691&type=result (Caused by NameResolutionError("HTTPSConnection(host='www.fis-ski.com', port=443): Failed to resolve 'www.fis-ski.com' ([Errno 8] nodename nor servname provided, or not known)"))
  [Retry 2] HTTPSConnectionPool(host='www.fis-ski.com', port=443): Max retries exceeded with url: /DB/general/athlete-biography.html?sectorcode=FS&competitorid=233691&type=result (Caused by NameResolutionError("HTTPSConnection(host='www.fis-ski.com', port=443): Failed to resolve 'www.fis-ski.com' ([Errno 8] nodename nor servname provided, or not known)"))
  [Retry 3] HTTPSConnectionPool(host='www.fis-ski.com', port=443): Max retries exceeded with url: /DB/general/athlete-biography.html?sectorcode=FS&competitorid=233691&type=result (Caused by NameResolutionError("HTTPSConnection(host='www.fis-ski.com', port=443): Failed to resolve 'www.fis-ski.com' ([Errno 8] nodename nor servname provided, or not known)"))
  [Fail] HTTPSConnectionPool(host='www.fis-ski.com', port=443): Max retries exceeded with url: /DB/general/athlete-biography.html?sectorcode=FS&competitorid=233691&type=result (Caused by NameResolutionError("HTTPSConnection(host='www.fis-ski.com', port=443): Failed to resolve 'www.fis-ski.com' ([Errno 8] nodename nor servname provided, or not known)"))
  [StaleCacheFallback] 233691&type=result
  [Fetching] https://www.fis-ski.com/DB/general/athlete-biography.html?sectorcode=FS&competitorid=203633&type=result
  [Retry 1] HTTPSConnectionPool(host='www.fis-ski.com', port=443): Max retries exceeded with url: /DB/general/athlete-biography.html?sectorcode=FS&competitorid=203633&type=result (Caused by NameResolutionError("HTTPSConnection(host='www.fis-ski.com', port=443): Failed to resolve 'www.fis-ski.com' ([Errno 8] nodename nor servname provided, or not known)"))
  [Retry 2] HTTPSConnectionPool(host='www.fis-ski.com', port=443): Max retries exceeded with url: /DB/general/athlete-biography.html?sectorcode=FS&competitorid=203633&type=result (Caused by NameResolutionError("HTTPSConnection(host='www.fis-ski.com', port=443): Failed to resolve 'www.fis-ski.com' ([Errno 8] nodename nor servname provided, or not known)"))
  [Retry 3] HTTPSConnectionPool(host='www.fis-ski.com', port=443): Max retries exceeded with url: /DB/general/athlete-biography.html?sectorcode=FS&competitorid=203633&type=result (Caused by NameResolutionError("HTTPSConnection(host='www.fis-ski.com', port=443): Failed to resolve 'www.fis-ski.com' ([Errno 8] nodename nor servname provided, or not known)"))
  [Fail] HTTPSConnectionPool(host='www.fis-ski.com', port=443): Max retries exceeded with url: /DB/general/athlete-biography.html?sectorcode=FS&competitorid=203633&type=result (Caused by NameResolutionError("HTTPSConnection(host='www.fis-ski.com', port=443): Failed to resolve 'www.fis-ski.com' ([Errno 8] nodename nor servname provided, or not known)"))
  [StaleCacheFallback] 203633&type=result
  [Fetching] https://www.fis-ski.com/DB/general/athlete-biography.html?sectorcode=FS&competitorid=235623&type=result
  [Retry 1] HTTPSConnectionPool(host='www.fis-ski.com', port=443): Max retries exceeded with url: /DB/general/athlete-biography.html?sectorcode=FS&competitorid=235623&type=result (Caused by NameResolutionError("HTTPSConnection(host='www.fis-ski.com', port=443): Failed to resolve 'www.fis-ski.com' ([Errno 8] nodename nor servname provided, or not known)"))
  [Retry 2] HTTPSConnectionPool(host='www.fis-ski.com', port=443): Max retries exceeded with url: /DB/general/athlete-biography.html?sectorcode=FS&competitorid=235623&type=result (Caused by NameResolutionError("HTTPSConnection(host='www.fis-ski.com', port=443): Failed to resolve 'www.fis-ski.com' ([Errno 8] nodename nor servname provided, or not known)"))
  [Retry 3] HTTPSConnectionPool(host='www.fis-ski.com', port=443): Max retries exceeded with url: /DB/general/athlete-biography.html?sectorcode=FS&competitorid=235623&type=result (Caused by NameResolutionError("HTTPSConnection(host='www.fis-ski.com', port=443): Failed to resolve 'www.fis-ski.com' ([Errno 8] nodename nor servname provided, or not known)"))
  [Fail] HTTPSConnectionPool(host='www.fis-ski.com', port=443): Max retries exceeded with url: /DB/general/athlete-biography.html?sectorcode=FS&competitorid=235623&type=result (Caused by NameResolutionError("HTTPSConnection(host='www.fis-ski.com', port=443): Failed to resolve 'www.fis-ski.com' ([Errno 8] nodename nor servname provided, or not known)"))
  [StaleCacheFallback] 235623&type=result
  [Fetching] https://www.fis-ski.com/DB/general/athlete-biography.html?sectorcode=FS&competitorid=229480&type=result
  [Retry 1] HTTPSConnectionPool(host='www.fis-ski.com', port=443): Max retries exceeded with url: /DB/general/athlete-biography.html?sectorcode=FS&competitorid=229480&type=result (Caused by NameResolutionError("HTTPSConnection(host='www.fis-ski.com', port=443): Failed to resolve 'www.fis-ski.com' ([Errno 8] nodename nor servname provided, or not known)"))
  [Retry 2] HTTPSConnectionPool(host='www.fis-ski.com', port=443): Max retries exceeded with url: /DB/general/athlete-biography.html?sectorcode=FS&competitorid=229480&type=result (Caused by NameResolutionError("HTTPSConnection(host='www.fis-ski.com', port=443): Failed to resolve 'www.fis-ski.com' ([Errno 8] nodename nor servname provided, or not known)"))
  [Retry 3] HTTPSConnectionPool(host='www.fis-ski.com', port=443): Max retries exceeded with url: /DB/general/athlete-biography.html?sectorcode=FS&competitorid=229480&type=result (Caused by NameResolutionError("HTTPSConnection(host='www.fis-ski.com', port=443): Failed to resolve 'www.fis-ski.com' ([Errno 8] nodename nor servname provided, or not known)"))
  [Fail] HTTPSConnectionPool(host='www.fis-ski.com', port=443): Max retries exceeded with url: /DB/general/athlete-biography.html?sectorcode=FS&competitorid=229480&type=result (Caused by NameResolutionError("HTTPSConnection(host='www.fis-ski.com', port=443): Failed to resolve 'www.fis-ski.com' ([Errno 8] nodename nor servname provided, or not known)"))
  [StaleCacheFallback] 229480&type=result
  [Fetching] https://www.fis-ski.com/DB/general/athlete-biography.html?sectorcode=FS&competitorid=252896&type=result
  [Retry 1] HTTPSConnectionPool(host='www.fis-ski.com', port=443): Max retries exceeded with url: /DB/general/athlete-biography.html?sectorcode=FS&competitorid=252896&type=result (Caused by NameResolutionError("HTTPSConnection(host='www.fis-ski.com', port=443): Failed to resolve 'www.fis-ski.com' ([Errno 8] nodename nor servname provided, or not known)"))
  [Retry 2] HTTPSConnectionPool(host='www.fis-ski.com', port=443): Max retries exceeded with url: /DB/general/athlete-biography.html?sectorcode=FS&competitorid=252896&type=result (Caused by NameResolutionError("HTTPSConnection(host='www.fis-ski.com', port=443): Failed to resolve 'www.fis-ski.com' ([Errno 8] nodename nor servname provided, or not known)"))
  [Retry 3] HTTPSConnectionPool(host='www.fis-ski.com', port=443): Max retries exceeded with url: /DB/general/athlete-biography.html?sectorcode=FS&competitorid=252896&type=result (Caused by NameResolutionError("HTTPSConnection(host='www.fis-ski.com', port=443): Failed to resolve 'www.fis-ski.com' ([Errno 8] nodename nor servname provided, or not known)"))
  [Fail] HTTPSConnectionPool(host='www.fis-ski.com', port=443): Max retries exceeded with url: /DB/general/athlete-biography.html?sectorcode=FS&competitorid=252896&type=result (Caused by NameResolutionError("HTTPSConnection(host='www.fis-ski.com', port=443): Failed to resolve 'www.fis-ski.com' ([Errno 8] nodename nor servname provided, or not known)"))
  [StaleCacheFallback] 252896&type=result
  [Fetching] https://www.fis-ski.com/DB/general/athlete-biography.html?sectorcode=FS&competitorid=258758&type=result
  [Retry 1] HTTPSConnectionPool(host='www.fis-ski.com', port=443): Max retries exceeded with url: /DB/general/athlete-biography.html?sectorcode=FS&competitorid=258758&type=result (Caused by NameResolutionError("HTTPSConnection(host='www.fis-ski.com', port=443): Failed to resolve 'www.fis-ski.com' ([Errno 8] nodename nor servname provided, or not known)"))
  [Retry 2] HTTPSConnectionPool(host='www.fis-ski.com', port=443): Max retries exceeded with url: /DB/general/athlete-biography.html?sectorcode=FS&competitorid=258758&type=result (Caused by NameResolutionError("HTTPSConnection(host='www.fis-ski.com', port=443): Failed to resolve 'www.fis-ski.com' ([Errno 8] nodename nor servname provided, or not known)"))
  [Retry 3] HTTPSConnectionPool(host='www.fis-ski.com', port=443): Max retries exceeded with url: /DB/general/athlete-biography.html?sectorcode=FS&competitorid=258758&type=result (Caused by NameResolutionError("HTTPSConnection(host='www.fis-ski.com', port=443): Failed to resolve 'www.fis-ski.com' ([Errno 8] nodename nor servname provided, or not known)"))
  [Fail] HTTPSConnectionPool(host='www.fis-ski.com', port=443): Max retries exceeded with url: /DB/general/athlete-biography.html?sectorcode=FS&competitorid=258758&type=result (Caused by NameResolutionError("HTTPSConnection(host='www.fis-ski.com', port=443): Failed to resolve 'www.fis-ski.com' ([Errno 8] nodename nor servname provided, or not known)"))
  [StaleCacheFallback] 258758&type=result
  [Fetching] https://www.fis-ski.com/DB/general/athlete-biography.html?sectorcode=SB&competitorid=163744&type=result
  [Retry 1] HTTPSConnectionPool(host='www.fis-ski.com', port=443): Max retries exceeded with url: /DB/general/athlete-biography.html?sectorcode=SB&competitorid=163744&type=result (Caused by NameResolutionError("HTTPSConnection(host='www.fis-ski.com', port=443): Failed to resolve 'www.fis-ski.com' ([Errno 8] nodename nor servname provided, or not known)"))
  [Retry 2] HTTPSConnectionPool(host='www.fis-ski.com', port=443): Max retries exceeded with url: /DB/general/athlete-biography.html?sectorcode=SB&competitorid=163744&type=result (Caused by NameResolutionError("HTTPSConnection(host='www.fis-ski.com', port=443): Failed to resolve 'www.fis-ski.com' ([Errno 8] nodename nor servname provided, or not known)"))
  [Retry 3] HTTPSConnectionPool(host='www.fis-ski.com', port=443): Max retries exceeded with url: /DB/general/athlete-biography.html?sectorcode=SB&competitorid=163744&type=result (Caused by NameResolutionError("HTTPSConnection(host='www.fis-ski.com', port=443): Failed to resolve 'www.fis-ski.com' ([Errno 8] nodename nor servname provided, or not known)"))
  [Fail] HTTPSConnectionPool(host='www.fis-ski.com', port=443): Max retries exceeded with url: /DB/general/athlete-biography.html?sectorcode=SB&competitorid=163744&type=result (Caused by NameResolutionError("HTTPSConnection(host='www.fis-ski.com', port=443): Failed to resolve 'www.fis-ski.com' ([Errno 8] nodename nor servname provided, or not known)"))
  [StaleCacheFallback] 163744&type=result
  [Fetching] https://www.fis-ski.com/DB/general/athlete-biography.html?sectorcode=SB&competitorid=111837&type=result
  [Retry 1] HTTPSConnectionPool(host='www.fis-ski.com', port=443): Max retries exceeded with url: /DB/general/athlete-biography.html?sectorcode=SB&competitorid=111837&type=result (Caused by NameResolutionError("HTTPSConnection(host='www.fis-ski.com', port=443): Failed to resolve 'www.fis-ski.com' ([Errno 8] nodename nor servname provided, or not known)"))
  [Retry 2] HTTPSConnectionPool(host='www.fis-ski.com', port=443): Max retries exceeded with url: /DB/general/athlete-biography.html?sectorcode=SB&competitorid=111837&type=result (Caused by NameResolutionError("HTTPSConnection(host='www.fis-ski.com', port=443): Failed to resolve 'www.fis-ski.com' ([Errno 8] nodename nor servname provided, or not known)"))
  [Retry 3] HTTPSConnectionPool(host='www.fis-ski.com', port=443): Max retries exceeded with url: /DB/general/athlete-biography.html?sectorcode=SB&competitorid=111837&type=result (Caused by NameResolutionError("HTTPSConnection(host='www.fis-ski.com', port=443): Failed to resolve 'www.fis-ski.com' ([Errno 8] nodename nor servname provided, or not known)"))
  [Fail] HTTPSConnectionPool(host='www.fis-ski.com', port=443): Max retries exceeded with url: /DB/general/athlete-biography.html?sectorcode=SB&competitorid=111837&type=result (Caused by NameResolutionError("HTTPSConnection(host='www.fis-ski.com', port=443): Failed to resolve 'www.fis-ski.com' ([Errno 8] nodename nor servname provided, or not known)"))
  [StaleCacheFallback] 111837&type=result
  [Fetching] https://www.fis-ski.com/DB/general/athlete-biography.html?sectorcode=SB&competitorid=188938&type=result
  [Retry 1] HTTPSConnectionPool(host='www.fis-ski.com', port=443): Max retries exceeded with url: /DB/general/athlete-biography.html?sectorcode=SB&competitorid=188938&type=result (Caused by NameResolutionError("HTTPSConnection(host='www.fis-ski.com', port=443): Failed to resolve 'www.fis-ski.com' ([Errno 8] nodename nor servname provided, or not known)"))
  [Retry 2] HTTPSConnectionPool(host='www.fis-ski.com', port=443): Max retries exceeded with url: /DB/general/athlete-biography.html?sectorcode=SB&competitorid=188938&type=result (Caused by NameResolutionError("HTTPSConnection(host='www.fis-ski.com', port=443): Failed to resolve 'www.fis-ski.com' ([Errno 8] nodename nor servname provided, or not known)"))
  [Retry 3] HTTPSConnectionPool(host='www.fis-ski.com', port=443): Max retries exceeded with url: /DB/general/athlete-biography.html?sectorcode=SB&competitorid=188938&type=result (Caused by NameResolutionError("HTTPSConnection(host='www.fis-ski.com', port=443): Failed to resolve 'www.fis-ski.com' ([Errno 8] nodename nor servname provided, or not known)"))
  [Fail] HTTPSConnectionPool(host='www.fis-ski.com', port=443): Max retries exceeded with url: /DB/general/athlete-biography.html?sectorcode=SB&competitorid=188938&type=result (Caused by NameResolutionError("HTTPSConnection(host='www.fis-ski.com', port=443): Failed to resolve 'www.fis-ski.com' ([Errno 8] nodename nor servname provided, or not known)"))
  [StaleCacheFallback] 188938&type=result
  [Fetching] https://www.fis-ski.com/DB/general/athlete-biography.html?sectorcode=SB&competitorid=220950&type=result
  [Retry 1] HTTPSConnectionPool(host='www.fis-ski.com', port=443): Max retries exceeded with url: /DB/general/athlete-biography.html?sectorcode=SB&competitorid=220950&type=result (Caused by NameResolutionError("HTTPSConnection(host='www.fis-ski.com', port=443): Failed to resolve 'www.fis-ski.com' ([Errno 8] nodename nor servname provided, or not known)"))
  [Retry 2] HTTPSConnectionPool(host='www.fis-ski.com', port=443): Max retries exceeded with url: /DB/general/athlete-biography.html?sectorcode=SB&competitorid=220950&type=result (Caused by NameResolutionError("HTTPSConnection(host='www.fis-ski.com', port=443): Failed to resolve 'www.fis-ski.com' ([Errno 8] nodename nor servname provided, or not known)"))
  [Retry 3] HTTPSConnectionPool(host='www.fis-ski.com', port=443): Max retries exceeded with url: /DB/general/athlete-biography.html?sectorcode=SB&competitorid=220950&type=result (Caused by NameResolutionError("HTTPSConnection(host='www.fis-ski.com', port=443): Failed to resolve 'www.fis-ski.com' ([Errno 8] nodename nor servname provided, or not known)"))
  [Fail] HTTPSConnectionPool(host='www.fis-ski.com', port=443): Max retries exceeded with url: /DB/general/athlete-biography.html?sectorcode=SB&competitorid=220950&type=result (Caused by NameResolutionError("HTTPSConnection(host='www.fis-ski.com', port=443): Failed to resolve 'www.fis-ski.com' ([Errno 8] nodename nor servname provided, or not known)"))
  [StaleCacheFallback] 220950&type=result
  [Fetching] https://www.fis-ski.com/DB/general/athlete-biography.html?sectorcode=SB&competitorid=188936&type=result
  [Retry 1] HTTPSConnectionPool(host='www.fis-ski.com', port=443): Max retries exceeded with url: /DB/general/athlete-biography.html?sectorcode=SB&competitorid=188936&type=result (Caused by NameResolutionError("HTTPSConnection(host='www.fis-ski.com', port=443): Failed to resolve 'www.fis-ski.com' ([Errno 8] nodename nor servname provided, or not known)"))
  [Retry 2] HTTPSConnectionPool(host='www.fis-ski.com', port=443): Max retries exceeded with url: /DB/general/athlete-biography.html?sectorcode=SB&competitorid=188936&type=result (Caused by NameResolutionError("HTTPSConnection(host='www.fis-ski.com', port=443): Failed to resolve 'www.fis-ski.com' ([Errno 8] nodename nor servname provided, or not known)"))
  [Retry 3] HTTPSConnectionPool(host='www.fis-ski.com', port=443): Max retries exceeded with url: /DB/general/athlete-biography.html?sectorcode=SB&competitorid=188936&type=result (Caused by NameResolutionError("HTTPSConnection(host='www.fis-ski.com', port=443): Failed to resolve 'www.fis-ski.com' ([Errno 8] nodename nor servname provided, or not known)"))
  [Fail] HTTPSConnectionPool(host='www.fis-ski.com', port=443): Max retries exceeded with url: /DB/general/athlete-biography.html?sectorcode=SB&competitorid=188936&type=result (Caused by NameResolutionError("HTTPSConnection(host='www.fis-ski.com', port=443): Failed to resolve 'www.fis-ski.com' ([Errno 8] nodename nor servname provided, or not known)"))
  [StaleCacheFallback] 188936&type=result
  [Fetching] https://www.fis-ski.com/DB/general/athlete-biography.html?sectorcode=SB&competitorid=156415&type=result
  [Retry 1] HTTPSConnectionPool(host='www.fis-ski.com', port=443): Max retries exceeded with url: /DB/general/athlete-biography.html?sectorcode=SB&competitorid=156415&type=result (Caused by NameResolutionError("HTTPSConnection(host='www.fis-ski.com', port=443): Failed to resolve 'www.fis-ski.com' ([Errno 8] nodename nor servname provided, or not known)"))
  [Retry 2] HTTPSConnectionPool(host='www.fis-ski.com', port=443): Max retries exceeded with url: /DB/general/athlete-biography.html?sectorcode=SB&competitorid=156415&type=result (Caused by NameResolutionError("HTTPSConnection(host='www.fis-ski.com', port=443): Failed to resolve 'www.fis-ski.com' ([Errno 8] nodename nor servname provided, or not known)"))
  [Retry 3] HTTPSConnectionPool(host='www.fis-ski.com', port=443): Max retries exceeded with url: /DB/general/athlete-biography.html?sectorcode=SB&competitorid=156415&type=result (Caused by NameResolutionError("HTTPSConnection(host='www.fis-ski.com', port=443): Failed to resolve 'www.fis-ski.com' ([Errno 8] nodename nor servname provided, or not known)"))
  [Fail] HTTPSConnectionPool(host='www.fis-ski.com', port=443): Max retries exceeded with url: /DB/general/athlete-biography.html?sectorcode=SB&competitorid=156415&type=result (Caused by NameResolutionError("HTTPSConnection(host='www.fis-ski.com', port=443): Failed to resolve 'www.fis-ski.com' ([Errno 8] nodename nor servname provided, or not known)"))
  [StaleCacheFallback] 156415&type=result
  [Fetching] https://www.fis-ski.com/DB/general/athlete-biography.html?sectorcode=SB&competitorid=229485&type=result
  [Retry 1] HTTPSConnectionPool(host='www.fis-ski.com', port=443): Max retries exceeded with url: /DB/general/athlete-biography.html?sectorcode=SB&competitorid=229485&type=result (Caused by NameResolutionError("HTTPSConnection(host='www.fis-ski.com', port=443): Failed to resolve 'www.fis-ski.com' ([Errno 8] nodename nor servname provided, or not known)"))
  [Retry 2] HTTPSConnectionPool(host='www.fis-ski.com', port=443): Max retries exceeded with url: /DB/general/athlete-biography.html?sectorcode=SB&competitorid=229485&type=result (Caused by NameResolutionError("HTTPSConnection(host='www.fis-ski.com', port=443): Failed to resolve 'www.fis-ski.com' ([Errno 8] nodename nor servname provided, or not known)"))
  [Retry 3] HTTPSConnectionPool(host='www.fis-ski.com', port=443): Max retries exceeded with url: /DB/general/athlete-biography.html?sectorcode=SB&competitorid=229485&type=result (Caused by NameResolutionError("HTTPSConnection(host='www.fis-ski.com', port=443): Failed to resolve 'www.fis-ski.com' ([Errno 8] nodename nor servname provided, or not known)"))
  [Fail] HTTPSConnectionPool(host='www.fis-ski.com', port=443): Max retries exceeded with url: /DB/general/athlete-biography.html?sectorcode=SB&competitorid=229485&type=result (Caused by NameResolutionError("HTTPSConnection(host='www.fis-ski.com', port=443): Failed to resolve 'www.fis-ski.com' ([Errno 8] nodename nor servname provided, or not known)"))
  [StaleCacheFallback] 229485&type=result
  [Fetching] https://www.fis-ski.com/DB/general/athlete-biography.html?sectorcode=SB&competitorid=239112&type=result
  [Retry 1] HTTPSConnectionPool(host='www.fis-ski.com', port=443): Max retries exceeded with url: /DB/general/athlete-biography.html?sectorcode=SB&competitorid=239112&type=result (Caused by NameResolutionError("HTTPSConnection(host='www.fis-ski.com', port=443): Failed to resolve 'www.fis-ski.com' ([Errno 8] nodename nor servname provided, or not known)"))
  [Retry 2] HTTPSConnectionPool(host='www.fis-ski.com', port=443): Max retries exceeded with url: /DB/general/athlete-biography.html?sectorcode=SB&competitorid=239112&type=result (Caused by NameResolutionError("HTTPSConnection(host='www.fis-ski.com', port=443): Failed to resolve 'www.fis-ski.com' ([Errno 8] nodename nor servname provided, or not known)"))
  [Retry 3] HTTPSConnectionPool(host='www.fis-ski.com', port=443): Max retries exceeded with url: /DB/general/athlete-biography.html?sectorcode=SB&competitorid=239112&type=result (Caused by NameResolutionError("HTTPSConnection(host='www.fis-ski.com', port=443): Failed to resolve 'www.fis-ski.com' ([Errno 8] nodename nor servname provided, or not known)"))
  [Fail] HTTPSConnectionPool(host='www.fis-ski.com', port=443): Max retries exceeded with url: /DB/general/athlete-biography.html?sectorcode=SB&competitorid=239112&type=result (Caused by NameResolutionError("HTTPSConnection(host='www.fis-ski.com', port=443): Failed to resolve 'www.fis-ski.com' ([Errno 8] nodename nor servname provided, or not known)"))
  [StaleCacheFallback] 239112&type=result
  [Fetching] https://www.fis-ski.com/DB/general/athlete-biography.html?sectorcode=SB&competitorid=261333&type=result
  [Retry 1] HTTPSConnectionPool(host='www.fis-ski.com', port=443): Max retries exceeded with url: /DB/general/athlete-biography.html?sectorcode=SB&competitorid=261333&type=result (Caused by NameResolutionError("HTTPSConnection(host='www.fis-ski.com', port=443): Failed to resolve 'www.fis-ski.com' ([Errno 8] nodename nor servname provided, or not known)"))
  [Retry 2] HTTPSConnectionPool(host='www.fis-ski.com', port=443): Max retries exceeded with url: /DB/general/athlete-biography.html?sectorcode=SB&competitorid=261333&type=result (Caused by NameResolutionError("HTTPSConnection(host='www.fis-ski.com', port=443): Failed to resolve 'www.fis-ski.com' ([Errno 8] nodename nor servname provided, or not known)"))
  [Retry 3] HTTPSConnectionPool(host='www.fis-ski.com', port=443): Max retries exceeded with url: /DB/general/athlete-biography.html?sectorcode=SB&competitorid=261333&type=result (Caused by NameResolutionError("HTTPSConnection(host='www.fis-ski.com', port=443): Failed to resolve 'www.fis-ski.com' ([Errno 8] nodename nor servname provided, or not known)"))
  [Fail] HTTPSConnectionPool(host='www.fis-ski.com', port=443): Max retries exceeded with url: /DB/general/athlete-biography.html?sectorcode=SB&competitorid=261333&type=result (Caused by NameResolutionError("HTTPSConnection(host='www.fis-ski.com', port=443): Failed to resolve 'www.fis-ski.com' ([Errno 8] nodename nor servname provided, or not known)"))
  [StaleCacheFallback] 261333&type=result
  [Fetching] https://www.fis-ski.com/DB/general/athlete-biography.html?sectorcode=SB&competitorid=261977&type=result
  [Retry 1] HTTPSConnectionPool(host='www.fis-ski.com', port=443): Max retries exceeded with url: /DB/general/athlete-biography.html?sectorcode=SB&competitorid=261977&type=result (Caused by NameResolutionError("HTTPSConnection(host='www.fis-ski.com', port=443): Failed to resolve 'www.fis-ski.com' ([Errno 8] nodename nor servname provided, or not known)"))
  [Retry 2] HTTPSConnectionPool(host='www.fis-ski.com', port=443): Max retries exceeded with url: /DB/general/athlete-biography.html?sectorcode=SB&competitorid=261977&type=result (Caused by NameResolutionError("HTTPSConnection(host='www.fis-ski.com', port=443): Failed to resolve 'www.fis-ski.com' ([Errno 8] nodename nor servname provided, or not known)"))
  [Retry 3] HTTPSConnectionPool(host='www.fis-ski.com', port=443): Max retries exceeded with url: /DB/general/athlete-biography.html?sectorcode=SB&competitorid=261977&type=result (Caused by NameResolutionError("HTTPSConnection(host='www.fis-ski.com', port=443): Failed to resolve 'www.fis-ski.com' ([Errno 8] nodename nor servname provided, or not known)"))
  [Fail] HTTPSConnectionPool(host='www.fis-ski.com', port=443): Max retries exceeded with url: /DB/general/athlete-biography.html?sectorcode=SB&competitorid=261977&type=result (Caused by NameResolutionError("HTTPSConnection(host='www.fis-ski.com', port=443): Failed to resolve 'www.fis-ski.com' ([Errno 8] nodename nor servname provided, or not known)"))
  [StaleCacheFallback] 261977&type=result
  [Fetching] https://www.fis-ski.com/DB/general/athlete-biography.html?sectorcode=SB&competitorid=264594&type=result
  [Retry 1] HTTPSConnectionPool(host='www.fis-ski.com', port=443): Max retries exceeded with url: /DB/general/athlete-biography.html?sectorcode=SB&competitorid=264594&type=result (Caused by NameResolutionError("HTTPSConnection(host='www.fis-ski.com', port=443): Failed to resolve 'www.fis-ski.com' ([Errno 8] nodename nor servname provided, or not known)"))
  [Retry 2] HTTPSConnectionPool(host='www.fis-ski.com', port=443): Max retries exceeded with url: /DB/general/athlete-biography.html?sectorcode=SB&competitorid=264594&type=result (Caused by NameResolutionError("HTTPSConnection(host='www.fis-ski.com', port=443): Failed to resolve 'www.fis-ski.com' ([Errno 8] nodename nor servname provided, or not known)"))
  [Retry 3] HTTPSConnectionPool(host='www.fis-ski.com', port=443): Max retries exceeded with url: /DB/general/athlete-biography.html?sectorcode=SB&competitorid=264594&type=result (Caused by NameResolutionError("HTTPSConnection(host='www.fis-ski.com', port=443): Failed to resolve 'www.fis-ski.com' ([Errno 8] nodename nor servname provided, or not known)"))
  [Fail] HTTPSConnectionPool(host='www.fis-ski.com', port=443): Max retries exceeded with url: /DB/general/athlete-biography.html?sectorcode=SB&competitorid=264594&type=result (Caused by NameResolutionError("HTTPSConnection(host='www.fis-ski.com', port=443): Failed to resolve 'www.fis-ski.com' ([Errno 8] nodename nor servname provided, or not known)"))
  [StaleCacheFallback] 264594&type=result
  [Fetching] https://www.fis-ski.com/DB/general/athlete-biography.html?sectorcode=SB&competitorid=212759&type=result
  [Retry 1] HTTPSConnectionPool(host='www.fis-ski.com', port=443): Max retries exceeded with url: /DB/general/athlete-biography.html?sectorcode=SB&competitorid=212759&type=result (Caused by NameResolutionError("HTTPSConnection(host='www.fis-ski.com', port=443): Failed to resolve 'www.fis-ski.com' ([Errno 8] nodename nor servname provided, or not known)"))
  [Retry 2] HTTPSConnectionPool(host='www.fis-ski.com', port=443): Max retries exceeded with url: /DB/general/athlete-biography.html?sectorcode=SB&competitorid=212759&type=result (Caused by NameResolutionError("HTTPSConnection(host='www.fis-ski.com', port=443): Failed to resolve 'www.fis-ski.com' ([Errno 8] nodename nor servname provided, or not known)"))
  [Retry 3] HTTPSConnectionPool(host='www.fis-ski.com', port=443): Max retries exceeded with url: /DB/general/athlete-biography.html?sectorcode=SB&competitorid=212759&type=result (Caused by NameResolutionError("HTTPSConnection(host='www.fis-ski.com', port=443): Failed to resolve 'www.fis-ski.com' ([Errno 8] nodename nor servname provided, or not known)"))
  [Fail] HTTPSConnectionPool(host='www.fis-ski.com', port=443): Max retries exceeded with url: /DB/general/athlete-biography.html?sectorcode=SB&competitorid=212759&type=result (Caused by NameResolutionError("HTTPSConnection(host='www.fis-ski.com', port=443): Failed to resolve 'www.fis-ski.com' ([Errno 8] nodename nor servname provided, or not known)"))
  [StaleCacheFallback] 212759&type=result
  [Fetching] https://www.fis-ski.com/DB/general/athlete-biography.html?sectorcode=SB&competitorid=239111&type=result
  [Retry 1] HTTPSConnectionPool(host='www.fis-ski.com', port=443): Max retries exceeded with url: /DB/general/athlete-biography.html?sectorcode=SB&competitorid=239111&type=result (Caused by NameResolutionError("HTTPSConnection(host='www.fis-ski.com', port=443): Failed to resolve 'www.fis-ski.com' ([Errno 8] nodename nor servname provided, or not known)"))
  [Retry 2] HTTPSConnectionPool(host='www.fis-ski.com', port=443): Max retries exceeded with url: /DB/general/athlete-biography.html?sectorcode=SB&competitorid=239111&type=result (Caused by NameResolutionError("HTTPSConnection(host='www.fis-ski.com', port=443): Failed to resolve 'www.fis-ski.com' ([Errno 8] nodename nor servname provided, or not known)"))
  [Retry 3] HTTPSConnectionPool(host='www.fis-ski.com', port=443): Max retries exceeded with url: /DB/general/athlete-biography.html?sectorcode=SB&competitorid=239111&type=result (Caused by NameResolutionError("HTTPSConnection(host='www.fis-ski.com', port=443): Failed to resolve 'www.fis-ski.com' ([Errno 8] nodename nor servname provided, or not known)"))
  [Fail] HTTPSConnectionPool(host='www.fis-ski.com', port=443): Max retries exceeded with url: /DB/general/athlete-biography.html?sectorcode=SB&competitorid=239111&type=result (Caused by NameResolutionError("HTTPSConnection(host='www.fis-ski.com', port=443): Failed to resolve 'www.fis-ski.com' ([Errno 8] nodename nor servname provided, or not known)"))
  [StaleCacheFallback] 239111&type=result
  [Fetching] https://www.fis-ski.com/DB/general/athlete-biography.html?sectorcode=SB&competitorid=261339&type=result
  [Retry 1] HTTPSConnectionPool(host='www.fis-ski.com', port=443): Max retries exceeded with url: /DB/general/athlete-biography.html?sectorcode=SB&competitorid=261339&type=result (Caused by NameResolutionError("HTTPSConnection(host='www.fis-ski.com', port=443): Failed to resolve 'www.fis-ski.com' ([Errno 8] nodename nor servname provided, or not known)"))
  [Retry 2] HTTPSConnectionPool(host='www.fis-ski.com', port=443): Max retries exceeded with url: /DB/general/athlete-biography.html?sectorcode=SB&competitorid=261339&type=result (Caused by NameResolutionError("HTTPSConnection(host='www.fis-ski.com', port=443): Failed to resolve 'www.fis-ski.com' ([Errno 8] nodename nor servname provided, or not known)"))
  [Retry 3] HTTPSConnectionPool(host='www.fis-ski.com', port=443): Max retries exceeded with url: /DB/general/athlete-biography.html?sectorcode=SB&competitorid=261339&type=result (Caused by NameResolutionError("HTTPSConnection(host='www.fis-ski.com', port=443): Failed to resolve 'www.fis-ski.com' ([Errno 8] nodename nor servname provided, or not known)"))
  [Fail] HTTPSConnectionPool(host='www.fis-ski.com', port=443): Max retries exceeded with url: /DB/general/athlete-biography.html?sectorcode=SB&competitorid=261339&type=result (Caused by NameResolutionError("HTTPSConnection(host='www.fis-ski.com', port=443): Failed to resolve 'www.fis-ski.com' ([Errno 8] nodename nor servname provided, or not known)"))
  [StaleCacheFallback] 261339&type=result
  [Fetching] https://www.fis-ski.com/DB/general/athlete-biography.html?sectorcode=JP&competitorid=10064&type=result
  [Retry 1] HTTPSConnectionPool(host='www.fis-ski.com', port=443): Max retries exceeded with url: /DB/general/athlete-biography.html?sectorcode=JP&competitorid=10064&type=result (Caused by NameResolutionError("HTTPSConnection(host='www.fis-ski.com', port=443): Failed to resolve 'www.fis-ski.com' ([Errno 8] nodename nor servname provided, or not known)"))
  [Retry 2] HTTPSConnectionPool(host='www.fis-ski.com', port=443): Max retries exceeded with url: /DB/general/athlete-biography.html?sectorcode=JP&competitorid=10064&type=result (Caused by NameResolutionError("HTTPSConnection(host='www.fis-ski.com', port=443): Failed to resolve 'www.fis-ski.com' ([Errno 8] nodename nor servname provided, or not known)"))
  [Retry 3] HTTPSConnectionPool(host='www.fis-ski.com', port=443): Max retries exceeded with url: /DB/general/athlete-biography.html?sectorcode=JP&competitorid=10064&type=result (Caused by NameResolutionError("HTTPSConnection(host='www.fis-ski.com', port=443): Failed to resolve 'www.fis-ski.com' ([Errno 8] nodename nor servname provided, or not known)"))
  [Fail] HTTPSConnectionPool(host='www.fis-ski.com', port=443): Max retries exceeded with url: /DB/general/athlete-biography.html?sectorcode=JP&competitorid=10064&type=result (Caused by NameResolutionError("HTTPSConnection(host='www.fis-ski.com', port=443): Failed to resolve 'www.fis-ski.com' ([Errno 8] nodename nor servname provided, or not known)"))
  [StaleCacheFallback] 10064&type=result
  [Fetching] https://www.fis-ski.com/DB/general/athlete-biography.html?sectorcode=JP&competitorid=270266&type=result
  [Retry 1] HTTPSConnectionPool(host='www.fis-ski.com', port=443): Max retries exceeded with url: /DB/general/athlete-biography.html?sectorcode=JP&competitorid=270266&type=result (Caused by NameResolutionError("HTTPSConnection(host='www.fis-ski.com', port=443): Failed to resolve 'www.fis-ski.com' ([Errno 8] nodename nor servname provided, or not known)"))
  [Retry 2] HTTPSConnectionPool(host='www.fis-ski.com', port=443): Max retries exceeded with url: /DB/general/athlete-biography.html?sectorcode=JP&competitorid=270266&type=result (Caused by NameResolutionError("HTTPSConnection(host='www.fis-ski.com', port=443): Failed to resolve 'www.fis-ski.com' ([Errno 8] nodename nor servname provided, or not known)"))
  [Retry 3] HTTPSConnectionPool(host='www.fis-ski.com', port=443): Max retries exceeded with url: /DB/general/athlete-biography.html?sectorcode=JP&competitorid=270266&type=result (Caused by NameResolutionError("HTTPSConnection(host='www.fis-ski.com', port=443): Failed to resolve 'www.fis-ski.com' ([Errno 8] nodename nor servname provided, or not known)"))
  [Fail] HTTPSConnectionPool(host='www.fis-ski.com', port=443): Max retries exceeded with url: /DB/general/athlete-biography.html?sectorcode=JP&competitorid=270266&type=result (Caused by NameResolutionError("HTTPSConnection(host='www.fis-ski.com', port=443): Failed to resolve 'www.fis-ski.com' ([Errno 8] nodename nor servname provided, or not known)"))
  [StaleCacheFallback] 270266&type=result
  [Fetching] https://www.fis-ski.com/DB/general/athlete-biography.html?sectorcode=CC&competitorid=229479&type=result
  [Retry 1] HTTPSConnectionPool(host='www.fis-ski.com', port=443): Max retries exceeded with url: /DB/general/athlete-biography.html?sectorcode=CC&competitorid=229479&type=result (Caused by NameResolutionError("HTTPSConnection(host='www.fis-ski.com', port=443): Failed to resolve 'www.fis-ski.com' ([Errno 8] nodename nor servname provided, or not known)"))
  [Retry 2] HTTPSConnectionPool(host='www.fis-ski.com', port=443): Max retries exceeded with url: /DB/general/athlete-biography.html?sectorcode=CC&competitorid=229479&type=result (Caused by NameResolutionError("HTTPSConnection(host='www.fis-ski.com', port=443): Failed to resolve 'www.fis-ski.com' ([Errno 8] nodename nor servname provided, or not known)"))
  [Retry 3] HTTPSConnectionPool(host='www.fis-ski.com', port=443): Max retries exceeded with url: /DB/general/athlete-biography.html?sectorcode=CC&competitorid=229479&type=result (Caused by NameResolutionError("HTTPSConnection(host='www.fis-ski.com', port=443): Failed to resolve 'www.fis-ski.com' ([Errno 8] nodename nor servname provided, or not known)"))
  [Fail] HTTPSConnectionPool(host='www.fis-ski.com', port=443): Max retries exceeded with url: /DB/general/athlete-biography.html?sectorcode=CC&competitorid=229479&type=result (Caused by NameResolutionError("HTTPSConnection(host='www.fis-ski.com', port=443): Failed to resolve 'www.fis-ski.com' ([Errno 8] nodename nor servname provided, or not known)"))
  [StaleCacheFallback] 229479&type=result
  [Fetching] https://www.fis-ski.com/DB/general/athlete-biography.html?sectorcode=CC&competitorid=188923&type=result
  [Retry 1] HTTPSConnectionPool(host='www.fis-ski.com', port=443): Max retries exceeded with url: /DB/general/athlete-biography.html?sectorcode=CC&competitorid=188923&type=result (Caused by NameResolutionError("HTTPSConnection(host='www.fis-ski.com', port=443): Failed to resolve 'www.fis-ski.com' ([Errno 8] nodename nor servname provided, or not known)"))
  [Retry 2] HTTPSConnectionPool(host='www.fis-ski.com', port=443): Max retries exceeded with url: /DB/general/athlete-biography.html?sectorcode=CC&competitorid=188923&type=result (Caused by NameResolutionError("HTTPSConnection(host='www.fis-ski.com', port=443): Failed to resolve 'www.fis-ski.com' ([Errno 8] nodename nor servname provided, or not known)"))
  [Retry 3] HTTPSConnectionPool(host='www.fis-ski.com', port=443): Max retries exceeded with url: /DB/general/athlete-biography.html?sectorcode=CC&competitorid=188923&type=result (Caused by NameResolutionError("HTTPSConnection(host='www.fis-ski.com', port=443): Failed to resolve 'www.fis-ski.com' ([Errno 8] nodename nor servname provided, or not known)"))
  [Fail] HTTPSConnectionPool(host='www.fis-ski.com', port=443): Max retries exceeded with url: /DB/general/athlete-biography.html?sectorcode=CC&competitorid=188923&type=result (Caused by NameResolutionError("HTTPSConnection(host='www.fis-ski.com', port=443): Failed to resolve 'www.fis-ski.com' ([Errno 8] nodename nor servname provided, or not known)"))
  [StaleCacheFallback] 188923&type=result
  [Fetching] https://www.fis-ski.com/DB/general/athlete-biography.html?sectorcode=CC&competitorid=229490&type=result
  [Retry 1] HTTPSConnectionPool(host='www.fis-ski.com', port=443): Max retries exceeded with url: /DB/general/athlete-biography.html?sectorcode=CC&competitorid=229490&type=result (Caused by NameResolutionError("HTTPSConnection(host='www.fis-ski.com', port=443): Failed to resolve 'www.fis-ski.com' ([Errno 8] nodename nor servname provided, or not known)"))
  [Retry 2] HTTPSConnectionPool(host='www.fis-ski.com', port=443): Max retries exceeded with url: /DB/general/athlete-biography.html?sectorcode=CC&competitorid=229490&type=result (Caused by NameResolutionError("HTTPSConnection(host='www.fis-ski.com', port=443): Failed to resolve 'www.fis-ski.com' ([Errno 8] nodename nor servname provided, or not known)"))
  [Retry 3] HTTPSConnectionPool(host='www.fis-ski.com', port=443): Max retries exceeded with url: /DB/general/athlete-biography.html?sectorcode=CC&competitorid=229490&type=result (Caused by NameResolutionError("HTTPSConnection(host='www.fis-ski.com', port=443): Failed to resolve 'www.fis-ski.com' ([Errno 8] nodename nor servname provided, or not known)"))
  [Fail] HTTPSConnectionPool(host='www.fis-ski.com', port=443): Max retries exceeded with url: /DB/general/athlete-biography.html?sectorcode=CC&competitorid=229490&type=result (Caused by NameResolutionError("HTTPSConnection(host='www.fis-ski.com', port=443): Failed to resolve 'www.fis-ski.com' ([Errno 8] nodename nor servname provided, or not known)"))
  [StaleCacheFallback] 229490&type=result
  [Fetching] https://www.fis-ski.com/DB/general/athlete-biography.html?sectorcode=CC&competitorid=136287&type=result
  [Retry 1] HTTPSConnectionPool(host='www.fis-ski.com', port=443): Max retries exceeded with url: /DB/general/athlete-biography.html?sectorcode=CC&competitorid=136287&type=result (Caused by NameResolutionError("HTTPSConnection(host='www.fis-ski.com', port=443): Failed to resolve 'www.fis-ski.com' ([Errno 8] nodename nor servname provided, or not known)"))
  [Retry 2] HTTPSConnectionPool(host='www.fis-ski.com', port=443): Max retries exceeded with url: /DB/general/athlete-biography.html?sectorcode=CC&competitorid=136287&type=result (Caused by NameResolutionError("HTTPSConnection(host='www.fis-ski.com', port=443): Failed to resolve 'www.fis-ski.com' ([Errno 8] nodename nor servname provided, or not known)"))
  [Retry 3] HTTPSConnectionPool(host='www.fis-ski.com', port=443): Max retries exceeded with url: /DB/general/athlete-biography.html?sectorcode=CC&competitorid=136287&type=result (Caused by NameResolutionError("HTTPSConnection(host='www.fis-ski.com', port=443): Failed to resolve 'www.fis-ski.com' ([Errno 8] nodename nor servname provided, or not known)"))
  [Fail] HTTPSConnectionPool(host='www.fis-ski.com', port=443): Max retries exceeded with url: /DB/general/athlete-biography.html?sectorcode=CC&competitorid=136287&type=result (Caused by NameResolutionError("HTTPSConnection(host='www.fis-ski.com', port=443): Failed to resolve 'www.fis-ski.com' ([Errno 8] nodename nor servname provided, or not known)"))
  [StaleCacheFallback] 136287&type=result
  [Fetching] https://www.fis-ski.com/DB/general/athlete-biography.html?sectorcode=CC&competitorid=154934&type=result
  [Retry 1] HTTPSConnectionPool(host='www.fis-ski.com', port=443): Max retries exceeded with url: /DB/general/athlete-biography.html?sectorcode=CC&competitorid=154934&type=result (Caused by NameResolutionError("HTTPSConnection(host='www.fis-ski.com', port=443): Failed to resolve 'www.fis-ski.com' ([Errno 8] nodename nor servname provided, or not known)"))
  [Retry 2] HTTPSConnectionPool(host='www.fis-ski.com', port=443): Max retries exceeded with url: /DB/general/athlete-biography.html?sectorcode=CC&competitorid=154934&type=result (Caused by NameResolutionError("HTTPSConnection(host='www.fis-ski.com', port=443): Failed to resolve 'www.fis-ski.com' ([Errno 8] nodename nor servname provided, or not known)"))
  [Retry 3] HTTPSConnectionPool(host='www.fis-ski.com', port=443): Max retries exceeded with url: /DB/general/athlete-biography.html?sectorcode=CC&competitorid=154934&type=result (Caused by NameResolutionError("HTTPSConnection(host='www.fis-ski.com', port=443): Failed to resolve 'www.fis-ski.com' ([Errno 8] nodename nor servname provided, or not known)"))
  [Fail] HTTPSConnectionPool(host='www.fis-ski.com', port=443): Max retries exceeded with url: /DB/general/athlete-biography.html?sectorcode=CC&competitorid=154934&type=result (Caused by NameResolutionError("HTTPSConnection(host='www.fis-ski.com', port=443): Failed to resolve 'www.fis-ski.com' ([Errno 8] nodename nor servname provided, or not known)"))
  [StaleCacheFallback] 154934&type=result
  [Fetching] https://www.fis-ski.com/DB/general/athlete-biography.html?sectorcode=CC&competitorid=221223&type=result
  [Retry 1] HTTPSConnectionPool(host='www.fis-ski.com', port=443): Max retries exceeded with url: /DB/general/athlete-biography.html?sectorcode=CC&competitorid=221223&type=result (Caused by NameResolutionError("HTTPSConnection(host='www.fis-ski.com', port=443): Failed to resolve 'www.fis-ski.com' ([Errno 8] nodename nor servname provided, or not known)"))
  [Retry 2] HTTPSConnectionPool(host='www.fis-ski.com', port=443): Max retries exceeded with url: /DB/general/athlete-biography.html?sectorcode=CC&competitorid=221223&type=result (Caused by NameResolutionError("HTTPSConnection(host='www.fis-ski.com', port=443): Failed to resolve 'www.fis-ski.com' ([Errno 8] nodename nor servname provided, or not known)"))
  [Retry 3] HTTPSConnectionPool(host='www.fis-ski.com', port=443): Max retries exceeded with url: /DB/general/athlete-biography.html?sectorcode=CC&competitorid=221223&type=result (Caused by NameResolutionError("HTTPSConnection(host='www.fis-ski.com', port=443): Failed to resolve 'www.fis-ski.com' ([Errno 8] nodename nor servname provided, or not known)"))
  [Fail] HTTPSConnectionPool(host='www.fis-ski.com', port=443): Max retries exceeded with url: /DB/general/athlete-biography.html?sectorcode=CC&competitorid=221223&type=result (Caused by NameResolutionError("HTTPSConnection(host='www.fis-ski.com', port=443): Failed to resolve 'www.fis-ski.com' ([Errno 8] nodename nor servname provided, or not known)"))
  [StaleCacheFallback] 221223&type=result
  [Fetching] https://www.fis-ski.com/DB/general/athlete-biography.html?sectorcode=CC&competitorid=162284&type=result
  [Retry 1] HTTPSConnectionPool(host='www.fis-ski.com', port=443): Max retries exceeded with url: /DB/general/athlete-biography.html?sectorcode=CC&competitorid=162284&type=result (Caused by NameResolutionError("HTTPSConnection(host='www.fis-ski.com', port=443): Failed to resolve 'www.fis-ski.com' ([Errno 8] nodename nor servname provided, or not known)"))
  [Retry 2] HTTPSConnectionPool(host='www.fis-ski.com', port=443): Max retries exceeded with url: /DB/general/athlete-biography.html?sectorcode=CC&competitorid=162284&type=result (Caused by NameResolutionError("HTTPSConnection(host='www.fis-ski.com', port=443): Failed to resolve 'www.fis-ski.com' ([Errno 8] nodename nor servname provided, or not known)"))
  [Retry 3] HTTPSConnectionPool(host='www.fis-ski.com', port=443): Max retries exceeded with url: /DB/general/athlete-biography.html?sectorcode=CC&competitorid=162284&type=result (Caused by NameResolutionError("HTTPSConnection(host='www.fis-ski.com', port=443): Failed to resolve 'www.fis-ski.com' ([Errno 8] nodename nor servname provided, or not known)"))
  [Fail] HTTPSConnectionPool(host='www.fis-ski.com', port=443): Max retries exceeded with url: /DB/general/athlete-biography.html?sectorcode=CC&competitorid=162284&type=result (Caused by NameResolutionError("HTTPSConnection(host='www.fis-ski.com', port=443): Failed to resolve 'www.fis-ski.com' ([Errno 8] nodename nor servname provided, or not known)"))
  [StaleCacheFallback] 162284&type=result
  [Fetching] https://www.fis-ski.com/DB/general/athlete-biography.html?sectorcode=CC&competitorid=212563&type=result
  [Retry 1] HTTPSConnectionPool(host='www.fis-ski.com', port=443): Max retries exceeded with url: /DB/general/athlete-biography.html?sectorcode=CC&competitorid=212563&type=result (Caused by NameResolutionError("HTTPSConnection(host='www.fis-ski.com', port=443): Failed to resolve 'www.fis-ski.com' ([Errno 8] nodename nor servname provided, or not known)"))
  [Retry 2] HTTPSConnectionPool(host='www.fis-ski.com', port=443): Max retries exceeded with url: /DB/general/athlete-biography.html?sectorcode=CC&competitorid=212563&type=result (Caused by NameResolutionError("HTTPSConnection(host='www.fis-ski.com', port=443): Failed to resolve 'www.fis-ski.com' ([Errno 8] nodename nor servname provided, or not known)"))
  [Retry 3] HTTPSConnectionPool(host='www.fis-ski.com', port=443): Max retries exceeded with url: /DB/general/athlete-biography.html?sectorcode=CC&competitorid=212563&type=result (Caused by NameResolutionError("HTTPSConnection(host='www.fis-ski.com', port=443): Failed to resolve 'www.fis-ski.com' ([Errno 8] nodename nor servname provided, or not known)"))
  [Fail] HTTPSConnectionPool(host='www.fis-ski.com', port=443): Max retries exceeded with url: /DB/general/athlete-biography.html?sectorcode=CC&competitorid=212563&type=result (Caused by NameResolutionError("HTTPSConnection(host='www.fis-ski.com', port=443): Failed to resolve 'www.fis-ski.com' ([Errno 8] nodename nor servname provided, or not known)"))
  [StaleCacheFallback] 212563&type=result
  [Fetching] https://www.fis-ski.com/DB/general/athlete-biography.html?sectorcode=CC&competitorid=195562&type=result
  [Retry 1] HTTPSConnectionPool(host='www.fis-ski.com', port=443): Max retries exceeded with url: /DB/general/athlete-biography.html?sectorcode=CC&competitorid=195562&type=result (Caused by NameResolutionError("HTTPSConnection(host='www.fis-ski.com', port=443): Failed to resolve 'www.fis-ski.com' ([Errno 8] nodename nor servname provided, or not known)"))
  [Retry 2] HTTPSConnectionPool(host='www.fis-ski.com', port=443): Max retries exceeded with url: /DB/general/athlete-biography.html?sectorcode=CC&competitorid=195562&type=result (Caused by NameResolutionError("HTTPSConnection(host='www.fis-ski.com', port=443): Failed to resolve 'www.fis-ski.com' ([Errno 8] nodename nor servname provided, or not known)"))
  [Retry 3] HTTPSConnectionPool(host='www.fis-ski.com', port=443): Max retries exceeded with url: /DB/general/athlete-biography.html?sectorcode=CC&competitorid=195562&type=result (Caused by NameResolutionError("HTTPSConnection(host='www.fis-ski.com', port=443): Failed to resolve 'www.fis-ski.com' ([Errno 8] nodename nor servname provided, or not known)"))
  [Fail] HTTPSConnectionPool(host='www.fis-ski.com', port=443): Max retries exceeded with url: /DB/general/athlete-biography.html?sectorcode=CC&competitorid=195562&type=result (Caused by NameResolutionError("HTTPSConnection(host='www.fis-ski.com', port=443): Failed to resolve 'www.fis-ski.com' ([Errno 8] nodename nor servname provided, or not known)"))
  [StaleCacheFallback] 195562&type=result
  [Fetching] https://www.fis-ski.com/DB/general/athlete-biography.html?sectorcode=AL&competitorid=93945&type=result
  [Retry 1] HTTPSConnectionPool(host='www.fis-ski.com', port=443): Max retries exceeded with url: /DB/general/athlete-biography.html?sectorcode=AL&competitorid=93945&type=result (Caused by NameResolutionError("HTTPSConnection(host='www.fis-ski.com', port=443): Failed to resolve 'www.fis-ski.com' ([Errno 8] nodename nor servname provided, or not known)"))
  [Retry 2] HTTPSConnectionPool(host='www.fis-ski.com', port=443): Max retries exceeded with url: /DB/general/athlete-biography.html?sectorcode=AL&competitorid=93945&type=result (Caused by NameResolutionError("HTTPSConnection(host='www.fis-ski.com', port=443): Failed to resolve 'www.fis-ski.com' ([Errno 8] nodename nor servname provided, or not known)"))
  [Retry 3] HTTPSConnectionPool(host='www.fis-ski.com', port=443): Max retries exceeded with url: /DB/general/athlete-biography.html?sectorcode=AL&competitorid=93945&type=result (Caused by NameResolutionError("HTTPSConnection(host='www.fis-ski.com', port=443): Failed to resolve 'www.fis-ski.com' ([Errno 8] nodename nor servname provided, or not known)"))
  [Fail] HTTPSConnectionPool(host='www.fis-ski.com', port=443): Max retries exceeded with url: /DB/general/athlete-biography.html?sectorcode=AL&competitorid=93945&type=result (Caused by NameResolutionError("HTTPSConnection(host='www.fis-ski.com', port=443): Failed to resolve 'www.fis-ski.com' ([Errno 8] nodename nor servname provided, or not known)"))
  [StaleCacheFallback] 93945&type=result
  [Fetching] https://www.fis-ski.com/DB/general/athlete-biography.html?sectorcode=AL&competitorid=154866&type=result
  [Retry 1] HTTPSConnectionPool(host='www.fis-ski.com', port=443): Max retries exceeded with url: /DB/general/athlete-biography.html?sectorcode=AL&competitorid=154866&type=result (Caused by NameResolutionError("HTTPSConnection(host='www.fis-ski.com', port=443): Failed to resolve 'www.fis-ski.com' ([Errno 8] nodename nor servname provided, or not known)"))
  [Retry 2] HTTPSConnectionPool(host='www.fis-ski.com', port=443): Max retries exceeded with url: /DB/general/athlete-biography.html?sectorcode=AL&competitorid=154866&type=result (Caused by NameResolutionError("HTTPSConnection(host='www.fis-ski.com', port=443): Failed to resolve 'www.fis-ski.com' ([Errno 8] nodename nor servname provided, or not known)"))
  [Retry 3] HTTPSConnectionPool(host='www.fis-ski.com', port=443): Max retries exceeded with url: /DB/general/athlete-biography.html?sectorcode=AL&competitorid=154866&type=result (Caused by NameResolutionError("HTTPSConnection(host='www.fis-ski.com', port=443): Failed to resolve 'www.fis-ski.com' ([Errno 8] nodename nor servname provided, or not known)"))
  [Fail] HTTPSConnectionPool(host='www.fis-ski.com', port=443): Max retries exceeded with url: /DB/general/athlete-biography.html?sectorcode=AL&competitorid=154866&type=result (Caused by NameResolutionError("HTTPSConnection(host='www.fis-ski.com', port=443): Failed to resolve 'www.fis-ski.com' ([Errno 8] nodename nor servname provided, or not known)"))
  [StaleCacheFallback] 154866&type=result
  [Fetching] https://www.fis-ski.com/DB/general/athlete-biography.html?sectorcode=AL&competitorid=163737&type=result
  [Retry 1] HTTPSConnectionPool(host='www.fis-ski.com', port=443): Max retries exceeded with url: /DB/general/athlete-biography.html?sectorcode=AL&competitorid=163737&type=result (Caused by NameResolutionError("HTTPSConnection(host='www.fis-ski.com', port=443): Failed to resolve 'www.fis-ski.com' ([Errno 8] nodename nor servname provided, or not known)"))
  [Retry 2] HTTPSConnectionPool(host='www.fis-ski.com', port=443): Max retries exceeded with url: /DB/general/athlete-biography.html?sectorcode=AL&competitorid=163737&type=result (Caused by NameResolutionError("HTTPSConnection(host='www.fis-ski.com', port=443): Failed to resolve 'www.fis-ski.com' ([Errno 8] nodename nor servname provided, or not known)"))
  [Retry 3] HTTPSConnectionPool(host='www.fis-ski.com', port=443): Max retries exceeded with url: /DB/general/athlete-biography.html?sectorcode=AL&competitorid=163737&type=result (Caused by NameResolutionError("HTTPSConnection(host='www.fis-ski.com', port=443): Failed to resolve 'www.fis-ski.com' ([Errno 8] nodename nor servname provided, or not known)"))
  [Fail] HTTPSConnectionPool(host='www.fis-ski.com', port=443): Max retries exceeded with url: /DB/general/athlete-biography.html?sectorcode=AL&competitorid=163737&type=result (Caused by NameResolutionError("HTTPSConnection(host='www.fis-ski.com', port=443): Failed to resolve 'www.fis-ski.com' ([Errno 8] nodename nor servname provided, or not known)"))
  [StaleCacheFallback] 163737&type=result
  [Fetching] https://www.fis-ski.com/DB/general/athlete-biography.html?sectorcode=AL&competitorid=163740&type=result
  [Retry 1] HTTPSConnectionPool(host='www.fis-ski.com', port=443): Max retries exceeded with url: /DB/general/athlete-biography.html?sectorcode=AL&competitorid=163740&type=result (Caused by NameResolutionError("HTTPSConnection(host='www.fis-ski.com', port=443): Failed to resolve 'www.fis-ski.com' ([Errno 8] nodename nor servname provided, or not known)"))
  [Retry 2] HTTPSConnectionPool(host='www.fis-ski.com', port=443): Max retries exceeded with url: /DB/general/athlete-biography.html?sectorcode=AL&competitorid=163740&type=result (Caused by NameResolutionError("HTTPSConnection(host='www.fis-ski.com', port=443): Failed to resolve 'www.fis-ski.com' ([Errno 8] nodename nor servname provided, or not known)"))
  [Retry 3] HTTPSConnectionPool(host='www.fis-ski.com', port=443): Max retries exceeded with url: /DB/general/athlete-biography.html?sectorcode=AL&competitorid=163740&type=result (Caused by NameResolutionError("HTTPSConnection(host='www.fis-ski.com', port=443): Failed to resolve 'www.fis-ski.com' ([Errno 8] nodename nor servname provided, or not known)"))
  [Fail] HTTPSConnectionPool(host='www.fis-ski.com', port=443): Max retries exceeded with url: /DB/general/athlete-biography.html?sectorcode=AL&competitorid=163740&type=result (Caused by NameResolutionError("HTTPSConnection(host='www.fis-ski.com', port=443): Failed to resolve 'www.fis-ski.com' ([Errno 8] nodename nor servname provided, or not known)"))
  [StaleCacheFallback] 163740&type=result
  [Fetching] https://www.fis-ski.com/DB/general/athlete-biography.html?sectorcode=AL&competitorid=189170&type=result
  [Retry 1] HTTPSConnectionPool(host='www.fis-ski.com', port=443): Max retries exceeded with url: /DB/general/athlete-biography.html?sectorcode=AL&competitorid=189170&type=result (Caused by NameResolutionError("HTTPSConnection(host='www.fis-ski.com', port=443): Failed to resolve 'www.fis-ski.com' ([Errno 8] nodename nor servname provided, or not known)"))
  [Retry 2] HTTPSConnectionPool(host='www.fis-ski.com', port=443): Max retries exceeded with url: /DB/general/athlete-biography.html?sectorcode=AL&competitorid=189170&type=result (Caused by NameResolutionError("HTTPSConnection(host='www.fis-ski.com', port=443): Failed to resolve 'www.fis-ski.com' ([Errno 8] nodename nor servname provided, or not known)"))
  [Retry 3] HTTPSConnectionPool(host='www.fis-ski.com', port=443): Max retries exceeded with url: /DB/general/athlete-biography.html?sectorcode=AL&competitorid=189170&type=result (Caused by NameResolutionError("HTTPSConnection(host='www.fis-ski.com', port=443): Failed to resolve 'www.fis-ski.com' ([Errno 8] nodename nor servname provided, or not known)"))
  [Fail] HTTPSConnectionPool(host='www.fis-ski.com', port=443): Max retries exceeded with url: /DB/general/athlete-biography.html?sectorcode=AL&competitorid=189170&type=result (Caused by NameResolutionError("HTTPSConnection(host='www.fis-ski.com', port=443): Failed to resolve 'www.fis-ski.com' ([Errno 8] nodename nor servname provided, or not known)"))
  [StaleCacheFallback] 189170&type=result
  [Fetching] https://www.fis-ski.com/DB/general/athlete-biography.html?sectorcode=AL&competitorid=188824&type=result
  [Retry 1] HTTPSConnectionPool(host='www.fis-ski.com', port=443): Max retries exceeded with url: /DB/general/athlete-biography.html?sectorcode=AL&competitorid=188824&type=result (Caused by NameResolutionError("HTTPSConnection(host='www.fis-ski.com', port=443): Failed to resolve 'www.fis-ski.com' ([Errno 8] nodename nor servname provided, or not known)"))
  [Retry 2] HTTPSConnectionPool(host='www.fis-ski.com', port=443): Max retries exceeded with url: /DB/general/athlete-biography.html?sectorcode=AL&competitorid=188824&type=result (Caused by NameResolutionError("HTTPSConnection(host='www.fis-ski.com', port=443): Failed to resolve 'www.fis-ski.com' ([Errno 8] nodename nor servname provided, or not known)"))
  [Retry 3] HTTPSConnectionPool(host='www.fis-ski.com', port=443): Max retries exceeded with url: /DB/general/athlete-biography.html?sectorcode=AL&competitorid=188824&type=result (Caused by NameResolutionError("HTTPSConnection(host='www.fis-ski.com', port=443): Failed to resolve 'www.fis-ski.com' ([Errno 8] nodename nor servname provided, or not known)"))
  [Fail] HTTPSConnectionPool(host='www.fis-ski.com', port=443): Max retries exceeded with url: /DB/general/athlete-biography.html?sectorcode=AL&competitorid=188824&type=result (Caused by NameResolutionError("HTTPSConnection(host='www.fis-ski.com', port=443): Failed to resolve 'www.fis-ski.com' ([Errno 8] nodename nor servname provided, or not known)"))
  [StaleCacheFallback] 188824&type=result
  [Fetching] https://www.fis-ski.com/DB/general/athlete-biography.html?sectorcode=AL&competitorid=203604&type=result
  [Retry 1] HTTPSConnectionPool(host='www.fis-ski.com', port=443): Max retries exceeded with url: /DB/general/athlete-biography.html?sectorcode=AL&competitorid=203604&type=result (Caused by NameResolutionError("HTTPSConnection(host='www.fis-ski.com', port=443): Failed to resolve 'www.fis-ski.com' ([Errno 8] nodename nor servname provided, or not known)"))
  [Retry 2] HTTPSConnectionPool(host='www.fis-ski.com', port=443): Max retries exceeded with url: /DB/general/athlete-biography.html?sectorcode=AL&competitorid=203604&type=result (Caused by NameResolutionError("HTTPSConnection(host='www.fis-ski.com', port=443): Failed to resolve 'www.fis-ski.com' ([Errno 8] nodename nor servname provided, or not known)"))
  [Retry 3] HTTPSConnectionPool(host='www.fis-ski.com', port=443): Max retries exceeded with url: /DB/general/athlete-biography.html?sectorcode=AL&competitorid=203604&type=result (Caused by NameResolutionError("HTTPSConnection(host='www.fis-ski.com', port=443): Failed to resolve 'www.fis-ski.com' ([Errno 8] nodename nor servname provided, or not known)"))
  [Fail] HTTPSConnectionPool(host='www.fis-ski.com', port=443): Max retries exceeded with url: /DB/general/athlete-biography.html?sectorcode=AL&competitorid=203604&type=result (Caused by NameResolutionError("HTTPSConnection(host='www.fis-ski.com', port=443): Failed to resolve 'www.fis-ski.com' ([Errno 8] nodename nor servname provided, or not known)"))
  [StaleCacheFallback] 203604&type=result
  [Fetching] https://www.fis-ski.com/DB/general/athlete-biography.html?sectorcode=AL&competitorid=177571&type=result
  [Retry 1] HTTPSConnectionPool(host='www.fis-ski.com', port=443): Max retries exceeded with url: /DB/general/athlete-biography.html?sectorcode=AL&competitorid=177571&type=result (Caused by NameResolutionError("HTTPSConnection(host='www.fis-ski.com', port=443): Failed to resolve 'www.fis-ski.com' ([Errno 8] nodename nor servname provided, or not known)"))
  [Retry 2] HTTPSConnectionPool(host='www.fis-ski.com', port=443): Max retries exceeded with url: /DB/general/athlete-biography.html?sectorcode=AL&competitorid=177571&type=result (Caused by NameResolutionError("HTTPSConnection(host='www.fis-ski.com', port=443): Failed to resolve 'www.fis-ski.com' ([Errno 8] nodename nor servname provided, or not known)"))
  [Retry 3] HTTPSConnectionPool(host='www.fis-ski.com', port=443): Max retries exceeded with url: /DB/general/athlete-biography.html?sectorcode=AL&competitorid=177571&type=result (Caused by NameResolutionError("HTTPSConnection(host='www.fis-ski.com', port=443): Failed to resolve 'www.fis-ski.com' ([Errno 8] nodename nor servname provided, or not known)"))
  [Fail] HTTPSConnectionPool(host='www.fis-ski.com', port=443): Max retries exceeded with url: /DB/general/athlete-biography.html?sectorcode=AL&competitorid=177571&type=result (Caused by NameResolutionError("HTTPSConnection(host='www.fis-ski.com', port=443): Failed to resolve 'www.fis-ski.com' ([Errno 8] nodename nor servname provided, or not known)"))
  [StaleCacheFallback] 177571&type=result
  [Fetching] https://www.fis-ski.com/DB/general/athlete-biography.html?sectorcode=AL&competitorid=263315&type=result
  [Retry 1] HTTPSConnectionPool(host='www.fis-ski.com', port=443): Max retries exceeded with url: /DB/general/athlete-biography.html?sectorcode=AL&competitorid=263315&type=result (Caused by NameResolutionError("HTTPSConnection(host='www.fis-ski.com', port=443): Failed to resolve 'www.fis-ski.com' ([Errno 8] nodename nor servname provided, or not known)"))
  [Retry 2] HTTPSConnectionPool(host='www.fis-ski.com', port=443): Max retries exceeded with url: /DB/general/athlete-biography.html?sectorcode=AL&competitorid=263315&type=result (Caused by NameResolutionError("HTTPSConnection(host='www.fis-ski.com', port=443): Failed to resolve 'www.fis-ski.com' ([Errno 8] nodename nor servname provided, or not known)"))
  [Retry 3] HTTPSConnectionPool(host='www.fis-ski.com', port=443): Max retries exceeded with url: /DB/general/athlete-biography.html?sectorcode=AL&competitorid=263315&type=result (Caused by NameResolutionError("HTTPSConnection(host='www.fis-ski.com', port=443): Failed to resolve 'www.fis-ski.com' ([Errno 8] nodename nor servname provided, or not known)"))
  [Fail] HTTPSConnectionPool(host='www.fis-ski.com', port=443): Max retries exceeded with url: /DB/general/athlete-biography.html?sectorcode=AL&competitorid=263315&type=result (Caused by NameResolutionError("HTTPSConnection(host='www.fis-ski.com', port=443): Failed to resolve 'www.fis-ski.com' ([Errno 8] nodename nor servname provided, or not known)"))
  [StaleCacheFallback] 263315&type=result
  [Fetching] https://www.fis-ski.com/DB/general/athlete-biography.html?sectorcode=AL&competitorid=261321&type=result
  [Retry 1] HTTPSConnectionPool(host='www.fis-ski.com', port=443): Max retries exceeded with url: /DB/general/athlete-biography.html?sectorcode=AL&competitorid=261321&type=result (Caused by NameResolutionError("HTTPSConnection(host='www.fis-ski.com', port=443): Failed to resolve 'www.fis-ski.com' ([Errno 8] nodename nor servname provided, or not known)"))
  [Retry 2] HTTPSConnectionPool(host='www.fis-ski.com', port=443): Max retries exceeded with url: /DB/general/athlete-biography.html?sectorcode=AL&competitorid=261321&type=result (Caused by NameResolutionError("HTTPSConnection(host='www.fis-ski.com', port=443): Failed to resolve 'www.fis-ski.com' ([Errno 8] nodename nor servname provided, or not known)"))
  [Retry 3] HTTPSConnectionPool(host='www.fis-ski.com', port=443): Max retries exceeded with url: /DB/general/athlete-biography.html?sectorcode=AL&competitorid=261321&type=result (Caused by NameResolutionError("HTTPSConnection(host='www.fis-ski.com', port=443): Failed to resolve 'www.fis-ski.com' ([Errno 8] nodename nor servname provided, or not known)"))
  [Fail] HTTPSConnectionPool(host='www.fis-ski.com', port=443): Max retries exceeded with url: /DB/general/athlete-biography.html?sectorcode=AL&competitorid=261321&type=result (Caused by NameResolutionError("HTTPSConnection(host='www.fis-ski.com', port=443): Failed to resolve 'www.fis-ski.com' ([Errno 8] nodename nor servname provided, or not known)"))
  [StaleCacheFallback] 261321&type=result
📊 Scraper stats: {'requested': 43, 'fetched': 0, 'cache_hit': 0, 'stale_cache_fallback': 43, 'hard_fail': 0}
✓ Agent A finished: 43 profiles collected.
📈 Success rate: 100.00%
⚙️ Agent B: Processing data...
✅ Agent B: Data pushed to /Users/jenkim/Downloads/05_프로젝트_개발/2026_Antigravity/projects/team-korea-winter-2025-26_20260123/V6/v7_복구/scripts/data/athletes.json (43 records)
🩺 Health report saved: /Users/jenkim/Downloads/05_프로젝트_개발/2026_Antigravity/projects/team-korea-winter-2025-26_20260123/V6/v7_복구/scripts/logs/real_sync_health_20260217_002517.json
=============================================
✅ Pipeline Complete. V6 Dashboard Data Updated.
[STEP] patch real-site index.js data block
backup=/Users/jenkim/Downloads/05_프로젝트_개발/2026_Antigravity/projects/team-korea-winter-2025-26_20260123/V6/v7_복구/index.js.bak_1771255583046
athletes=43
updated_athletes=43
result_count=2067
max_event_date=2026-02-15
[STEP] data consistency audit (43 athletes)
{
  "athletes": 43,
  "sports": {
    "freeski": 5,
    "moguls": 3,
    "snowboard_alpine": 6,
    "snowboard_cross": 1,
    "snowboard_park": 7,
    "ski_jumping": 2,
    "cross_country": 9,
    "alpine_skiing": 10
  },
  "order_issue_count": 0,
  "profile_modal_mismatch_count": 0,
  "order_issues_preview": [],
  "profile_modal_mismatch_preview": []
}
[STEP] refresh index.html with hash-busted asset urls
[STEP] record hashes
[eval]:1
const fs=require(\"fs\");const s=fs.readFileSync(process.argv[1],\"utf8\");const m=[...s.matchAll(/\"date\":\"(\\d{4}-\\d{2}-\\d{2})\"/g)].map(x=>x[1]);m.sort();process.stdout.write(m[m.length-1]||\"\")
                 ^
Expected unicode escape

SyntaxError: Invalid or unexpected token
    at makeContextifyScript (node:internal/vm:194:14)
    at compileScript (node:internal/process/execution:388:10)
    at evalTypeScript (node:internal/process/execution:260:22)
    at node:internal/main/eval_string:71:3

Node.js v24.12.0
