[START] 2026-02-16 09:16:18
[INFO] ROOT_DIR=/Users/jenkim/Downloads/05_프로젝트_개발/2026_Antigravity/projects/team-korea-winter-2025-26_20260123/V6/v7_복구
[STEP] data pipeline (v7_복구 local scripts)
🚀 Team Korea Data Pipeline (V6 Agent System)
=============================================
📋 Found 43 athlete URLs.
🔍 Agent A: Scraping 43 athletes...
  [Fetching] https://www.fis-ski.com/DB/general/athlete-biography.html?sectorcode=FS&competitorid=235622&type=result
  [Retry 1] HTTPSConnectionPool(host='www.fis-ski.com', port=443): Max retries exceeded with url: /DB/general/athlete-biography.html?sectorcode=FS&competitorid=235622&type=result (Caused by NameResolutionError("HTTPSConnection(host='www.fis-ski.com', port=443): Failed to resolve 'www.fis-ski.com' ([Errno 8] nodename nor servname provided, or not known)"))
  [Retry 2] HTTPSConnectionPool(host='www.fis-ski.com', port=443): Max retries exceeded with url: /DB/general/athlete-biography.html?sectorcode=FS&competitorid=235622&type=result (Caused by NameResolutionError("HTTPSConnection(host='www.fis-ski.com', port=443): Failed to resolve 'www.fis-ski.com' ([Errno 8] nodename nor servname provided, or not known)"))
  [Retry 3] HTTPSConnectionPool(host='www.fis-ski.com', port=443): Max retries exceeded with url: /DB/general/athlete-biography.html?sectorcode=FS&competitorid=235622&type=result (Caused by NameResolutionError("HTTPSConnection(host='www.fis-ski.com', port=443): Failed to resolve 'www.fis-ski.com' ([Errno 8] nodename nor servname provided, or not known)"))
  [Fail] HTTPSConnectionPool(host='www.fis-ski.com', port=443): Max retries exceeded with url: /DB/general/athlete-biography.html?sectorcode=FS&competitorid=235622&type=result (Caused by NameResolutionError("HTTPSConnection(host='www.fis-ski.com', port=443): Failed to resolve 'www.fis-ski.com' ([Errno 8] nodename nor servname provided, or not known)"))
  [Fetching] https://www.fis-ski.com/DB/general/athlete-biography.html?sectorcode=FS&competitorid=239278&type=result
  [Retry 1] HTTPSConnectionPool(host='www.fis-ski.com', port=443): Max retries exceeded with url: /DB/general/athlete-biography.html?sectorcode=FS&competitorid=239278&type=result (Caused by NameResolutionError("HTTPSConnection(host='www.fis-ski.com', port=443): Failed to resolve 'www.fis-ski.com' ([Errno 8] nodename nor servname provided, or not known)"))
  [Retry 2] HTTPSConnectionPool(host='www.fis-ski.com', port=443): Max retries exceeded with url: /DB/general/athlete-biography.html?sectorcode=FS&competitorid=239278&type=result (Caused by NameResolutionError("HTTPSConnection(host='www.fis-ski.com', port=443): Failed to resolve 'www.fis-ski.com' ([Errno 8] nodename nor servname provided, or not known)"))
  [Retry 3] HTTPSConnectionPool(host='www.fis-ski.com', port=443): Max retries exceeded with url: /DB/general/athlete-biography.html?sectorcode=FS&competitorid=239278&type=result (Caused by NameResolutionError("HTTPSConnection(host='www.fis-ski.com', port=443): Failed to resolve 'www.fis-ski.com' ([Errno 8] nodename nor servname provided, or not known)"))
  [Fail] HTTPSConnectionPool(host='www.fis-ski.com', port=443): Max retries exceeded with url: /DB/general/athlete-biography.html?sectorcode=FS&competitorid=239278&type=result (Caused by NameResolutionError("HTTPSConnection(host='www.fis-ski.com', port=443): Failed to resolve 'www.fis-ski.com' ([Errno 8] nodename nor servname provided, or not known)"))
  [Fetching] https://www.fis-ski.com/DB/general/athlete-biography.html?sectorcode=FS&competitorid=233691&type=result
  [Retry 1] HTTPSConnectionPool(host='www.fis-ski.com', port=443): Max retries exceeded with url: /DB/general/athlete-biography.html?sectorcode=FS&competitorid=233691&type=result (Caused by NameResolutionError("HTTPSConnection(host='www.fis-ski.com', port=443): Failed to resolve 'www.fis-ski.com' ([Errno 8] nodename nor servname provided, or not known)"))
  [Retry 2] HTTPSConnectionPool(host='www.fis-ski.com', port=443): Max retries exceeded with url: /DB/general/athlete-biography.html?sectorcode=FS&competitorid=233691&type=result (Caused by NameResolutionError("HTTPSConnection(host='www.fis-ski.com', port=443): Failed to resolve 'www.fis-ski.com' ([Errno 8] nodename nor servname provided, or not known)"))
  [Retry 3] HTTPSConnectionPool(host='www.fis-ski.com', port=443): Max retries exceeded with url: /DB/general/athlete-biography.html?sectorcode=FS&competitorid=233691&type=result (Caused by NameResolutionError("HTTPSConnection(host='www.fis-ski.com', port=443): Failed to resolve 'www.fis-ski.com' ([Errno 8] nodename nor servname provided, or not known)"))
  [Fail] HTTPSConnectionPool(host='www.fis-ski.com', port=443): Max retries exceeded with url: /DB/general/athlete-biography.html?sectorcode=FS&competitorid=233691&type=result (Caused by NameResolutionError("HTTPSConnection(host='www.fis-ski.com', port=443): Failed to resolve 'www.fis-ski.com' ([Errno 8] nodename nor servname provided, or not known)"))
  [Fetching] https://www.fis-ski.com/DB/general/athlete-biography.html?sectorcode=FS&competitorid=203633&type=result
  [Retry 1] HTTPSConnectionPool(host='www.fis-ski.com', port=443): Max retries exceeded with url: /DB/general/athlete-biography.html?sectorcode=FS&competitorid=203633&type=result (Caused by NameResolutionError("HTTPSConnection(host='www.fis-ski.com', port=443): Failed to resolve 'www.fis-ski.com' ([Errno 8] nodename nor servname provided, or not known)"))
  [Retry 2] HTTPSConnectionPool(host='www.fis-ski.com', port=443): Max retries exceeded with url: /DB/general/athlete-biography.html?sectorcode=FS&competitorid=203633&type=result (Caused by NameResolutionError("HTTPSConnection(host='www.fis-ski.com', port=443): Failed to resolve 'www.fis-ski.com' ([Errno 8] nodename nor servname provided, or not known)"))
  [Retry 3] HTTPSConnectionPool(host='www.fis-ski.com', port=443): Max retries exceeded with url: /DB/general/athlete-biography.html?sectorcode=FS&competitorid=203633&type=result (Caused by NameResolutionError("HTTPSConnection(host='www.fis-ski.com', port=443): Failed to resolve 'www.fis-ski.com' ([Errno 8] nodename nor servname provided, or not known)"))
  [Fail] HTTPSConnectionPool(host='www.fis-ski.com', port=443): Max retries exceeded with url: /DB/general/athlete-biography.html?sectorcode=FS&competitorid=203633&type=result (Caused by NameResolutionError("HTTPSConnection(host='www.fis-ski.com', port=443): Failed to resolve 'www.fis-ski.com' ([Errno 8] nodename nor servname provided, or not known)"))
  [Fetching] https://www.fis-ski.com/DB/general/athlete-biography.html?sectorcode=FS&competitorid=235623&type=result
  [Retry 1] HTTPSConnectionPool(host='www.fis-ski.com', port=443): Max retries exceeded with url: /DB/general/athlete-biography.html?sectorcode=FS&competitorid=235623&type=result (Caused by NameResolutionError("HTTPSConnection(host='www.fis-ski.com', port=443): Failed to resolve 'www.fis-ski.com' ([Errno 8] nodename nor servname provided, or not known)"))
  [Retry 2] HTTPSConnectionPool(host='www.fis-ski.com', port=443): Max retries exceeded with url: /DB/general/athlete-biography.html?sectorcode=FS&competitorid=235623&type=result (Caused by NameResolutionError("HTTPSConnection(host='www.fis-ski.com', port=443): Failed to resolve 'www.fis-ski.com' ([Errno 8] nodename nor servname provided, or not known)"))
  [Retry 3] HTTPSConnectionPool(host='www.fis-ski.com', port=443): Max retries exceeded with url: /DB/general/athlete-biography.html?sectorcode=FS&competitorid=235623&type=result (Caused by NameResolutionError("HTTPSConnection(host='www.fis-ski.com', port=443): Failed to resolve 'www.fis-ski.com' ([Errno 8] nodename nor servname provided, or not known)"))
  [Fail] HTTPSConnectionPool(host='www.fis-ski.com', port=443): Max retries exceeded with url: /DB/general/athlete-biography.html?sectorcode=FS&competitorid=235623&type=result (Caused by NameResolutionError("HTTPSConnection(host='www.fis-ski.com', port=443): Failed to resolve 'www.fis-ski.com' ([Errno 8] nodename nor servname provided, or not known)"))
  [Fetching] https://www.fis-ski.com/DB/general/athlete-biography.html?sectorcode=FS&competitorid=229480&type=result
  [Retry 1] HTTPSConnectionPool(host='www.fis-ski.com', port=443): Max retries exceeded with url: /DB/general/athlete-biography.html?sectorcode=FS&competitorid=229480&type=result (Caused by NameResolutionError("HTTPSConnection(host='www.fis-ski.com', port=443): Failed to resolve 'www.fis-ski.com' ([Errno 8] nodename nor servname provided, or not known)"))
  [Retry 2] HTTPSConnectionPool(host='www.fis-ski.com', port=443): Max retries exceeded with url: /DB/general/athlete-biography.html?sectorcode=FS&competitorid=229480&type=result (Caused by NameResolutionError("HTTPSConnection(host='www.fis-ski.com', port=443): Failed to resolve 'www.fis-ski.com' ([Errno 8] nodename nor servname provided, or not known)"))
  [Retry 3] HTTPSConnectionPool(host='www.fis-ski.com', port=443): Max retries exceeded with url: /DB/general/athlete-biography.html?sectorcode=FS&competitorid=229480&type=result (Caused by NameResolutionError("HTTPSConnection(host='www.fis-ski.com', port=443): Failed to resolve 'www.fis-ski.com' ([Errno 8] nodename nor servname provided, or not known)"))
  [Fail] HTTPSConnectionPool(host='www.fis-ski.com', port=443): Max retries exceeded with url: /DB/general/athlete-biography.html?sectorcode=FS&competitorid=229480&type=result (Caused by NameResolutionError("HTTPSConnection(host='www.fis-ski.com', port=443): Failed to resolve 'www.fis-ski.com' ([Errno 8] nodename nor servname provided, or not known)"))
  [Fetching] https://www.fis-ski.com/DB/general/athlete-biography.html?sectorcode=FS&competitorid=252896&type=result
  [Retry 1] HTTPSConnectionPool(host='www.fis-ski.com', port=443): Max retries exceeded with url: /DB/general/athlete-biography.html?sectorcode=FS&competitorid=252896&type=result (Caused by NameResolutionError("HTTPSConnection(host='www.fis-ski.com', port=443): Failed to resolve 'www.fis-ski.com' ([Errno 8] nodename nor servname provided, or not known)"))
  [Retry 2] HTTPSConnectionPool(host='www.fis-ski.com', port=443): Max retries exceeded with url: /DB/general/athlete-biography.html?sectorcode=FS&competitorid=252896&type=result (Caused by NameResolutionError("HTTPSConnection(host='www.fis-ski.com', port=443): Failed to resolve 'www.fis-ski.com' ([Errno 8] nodename nor servname provided, or not known)"))
  [Retry 3] HTTPSConnectionPool(host='www.fis-ski.com', port=443): Max retries exceeded with url: /DB/general/athlete-biography.html?sectorcode=FS&competitorid=252896&type=result (Caused by NameResolutionError("HTTPSConnection(host='www.fis-ski.com', port=443): Failed to resolve 'www.fis-ski.com' ([Errno 8] nodename nor servname provided, or not known)"))
  [Fail] HTTPSConnectionPool(host='www.fis-ski.com', port=443): Max retries exceeded with url: /DB/general/athlete-biography.html?sectorcode=FS&competitorid=252896&type=result (Caused by NameResolutionError("HTTPSConnection(host='www.fis-ski.com', port=443): Failed to resolve 'www.fis-ski.com' ([Errno 8] nodename nor servname provided, or not known)"))
  [Fetching] https://www.fis-ski.com/DB/general/athlete-biography.html?sectorcode=FS&competitorid=258758&type=result
  [Retry 1] HTTPSConnectionPool(host='www.fis-ski.com', port=443): Max retries exceeded with url: /DB/general/athlete-biography.html?sectorcode=FS&competitorid=258758&type=result (Caused by NameResolutionError("HTTPSConnection(host='www.fis-ski.com', port=443): Failed to resolve 'www.fis-ski.com' ([Errno 8] nodename nor servname provided, or not known)"))
  [Retry 2] HTTPSConnectionPool(host='www.fis-ski.com', port=443): Max retries exceeded with url: /DB/general/athlete-biography.html?sectorcode=FS&competitorid=258758&type=result (Caused by NameResolutionError("HTTPSConnection(host='www.fis-ski.com', port=443): Failed to resolve 'www.fis-ski.com' ([Errno 8] nodename nor servname provided, or not known)"))
  [Retry 3] HTTPSConnectionPool(host='www.fis-ski.com', port=443): Max retries exceeded with url: /DB/general/athlete-biography.html?sectorcode=FS&competitorid=258758&type=result (Caused by NameResolutionError("HTTPSConnection(host='www.fis-ski.com', port=443): Failed to resolve 'www.fis-ski.com' ([Errno 8] nodename nor servname provided, or not known)"))
  [Fail] HTTPSConnectionPool(host='www.fis-ski.com', port=443): Max retries exceeded with url: /DB/general/athlete-biography.html?sectorcode=FS&competitorid=258758&type=result (Caused by NameResolutionError("HTTPSConnection(host='www.fis-ski.com', port=443): Failed to resolve 'www.fis-ski.com' ([Errno 8] nodename nor servname provided, or not known)"))
  [Fetching] https://www.fis-ski.com/DB/general/athlete-biography.html?sectorcode=SB&competitorid=163744&type=result
  [Retry 1] HTTPSConnectionPool(host='www.fis-ski.com', port=443): Max retries exceeded with url: /DB/general/athlete-biography.html?sectorcode=SB&competitorid=163744&type=result (Caused by NameResolutionError("HTTPSConnection(host='www.fis-ski.com', port=443): Failed to resolve 'www.fis-ski.com' ([Errno 8] nodename nor servname provided, or not known)"))
  [Retry 2] HTTPSConnectionPool(host='www.fis-ski.com', port=443): Max retries exceeded with url: /DB/general/athlete-biography.html?sectorcode=SB&competitorid=163744&type=result (Caused by NameResolutionError("HTTPSConnection(host='www.fis-ski.com', port=443): Failed to resolve 'www.fis-ski.com' ([Errno 8] nodename nor servname provided, or not known)"))
  [Retry 3] HTTPSConnectionPool(host='www.fis-ski.com', port=443): Max retries exceeded with url: /DB/general/athlete-biography.html?sectorcode=SB&competitorid=163744&type=result (Caused by NameResolutionError("HTTPSConnection(host='www.fis-ski.com', port=443): Failed to resolve 'www.fis-ski.com' ([Errno 8] nodename nor servname provided, or not known)"))
  [Fail] HTTPSConnectionPool(host='www.fis-ski.com', port=443): Max retries exceeded with url: /DB/general/athlete-biography.html?sectorcode=SB&competitorid=163744&type=result (Caused by NameResolutionError("HTTPSConnection(host='www.fis-ski.com', port=443): Failed to resolve 'www.fis-ski.com' ([Errno 8] nodename nor servname provided, or not known)"))
  [Fetching] https://www.fis-ski.com/DB/general/athlete-biography.html?sectorcode=SB&competitorid=111837&type=result
  [Retry 1] HTTPSConnectionPool(host='www.fis-ski.com', port=443): Max retries exceeded with url: /DB/general/athlete-biography.html?sectorcode=SB&competitorid=111837&type=result (Caused by NameResolutionError("HTTPSConnection(host='www.fis-ski.com', port=443): Failed to resolve 'www.fis-ski.com' ([Errno 8] nodename nor servname provided, or not known)"))
  [Retry 2] HTTPSConnectionPool(host='www.fis-ski.com', port=443): Max retries exceeded with url: /DB/general/athlete-biography.html?sectorcode=SB&competitorid=111837&type=result (Caused by NameResolutionError("HTTPSConnection(host='www.fis-ski.com', port=443): Failed to resolve 'www.fis-ski.com' ([Errno 8] nodename nor servname provided, or not known)"))
  [Retry 3] HTTPSConnectionPool(host='www.fis-ski.com', port=443): Max retries exceeded with url: /DB/general/athlete-biography.html?sectorcode=SB&competitorid=111837&type=result (Caused by NameResolutionError("HTTPSConnection(host='www.fis-ski.com', port=443): Failed to resolve 'www.fis-ski.com' ([Errno 8] nodename nor servname provided, or not known)"))
  [Fail] HTTPSConnectionPool(host='www.fis-ski.com', port=443): Max retries exceeded with url: /DB/general/athlete-biography.html?sectorcode=SB&competitorid=111837&type=result (Caused by NameResolutionError("HTTPSConnection(host='www.fis-ski.com', port=443): Failed to resolve 'www.fis-ski.com' ([Errno 8] nodename nor servname provided, or not known)"))
  [Fetching] https://www.fis-ski.com/DB/general/athlete-biography.html?sectorcode=SB&competitorid=188938&type=result
  [Retry 1] HTTPSConnectionPool(host='www.fis-ski.com', port=443): Max retries exceeded with url: /DB/general/athlete-biography.html?sectorcode=SB&competitorid=188938&type=result (Caused by NameResolutionError("HTTPSConnection(host='www.fis-ski.com', port=443): Failed to resolve 'www.fis-ski.com' ([Errno 8] nodename nor servname provided, or not known)"))
  [Retry 2] HTTPSConnectionPool(host='www.fis-ski.com', port=443): Max retries exceeded with url: /DB/general/athlete-biography.html?sectorcode=SB&competitorid=188938&type=result (Caused by NameResolutionError("HTTPSConnection(host='www.fis-ski.com', port=443): Failed to resolve 'www.fis-ski.com' ([Errno 8] nodename nor servname provided, or not known)"))
  [Retry 3] HTTPSConnectionPool(host='www.fis-ski.com', port=443): Max retries exceeded with url: /DB/general/athlete-biography.html?sectorcode=SB&competitorid=188938&type=result (Caused by NameResolutionError("HTTPSConnection(host='www.fis-ski.com', port=443): Failed to resolve 'www.fis-ski.com' ([Errno 8] nodename nor servname provided, or not known)"))
  [Fail] HTTPSConnectionPool(host='www.fis-ski.com', port=443): Max retries exceeded with url: /DB/general/athlete-biography.html?sectorcode=SB&competitorid=188938&type=result (Caused by NameResolutionError("HTTPSConnection(host='www.fis-ski.com', port=443): Failed to resolve 'www.fis-ski.com' ([Errno 8] nodename nor servname provided, or not known)"))
  [Fetching] https://www.fis-ski.com/DB/general/athlete-biography.html?sectorcode=SB&competitorid=220950&type=result
  [Retry 1] HTTPSConnectionPool(host='www.fis-ski.com', port=443): Max retries exceeded with url: /DB/general/athlete-biography.html?sectorcode=SB&competitorid=220950&type=result (Caused by NameResolutionError("HTTPSConnection(host='www.fis-ski.com', port=443): Failed to resolve 'www.fis-ski.com' ([Errno 8] nodename nor servname provided, or not known)"))
  [Retry 2] HTTPSConnectionPool(host='www.fis-ski.com', port=443): Max retries exceeded with url: /DB/general/athlete-biography.html?sectorcode=SB&competitorid=220950&type=result (Caused by NameResolutionError("HTTPSConnection(host='www.fis-ski.com', port=443): Failed to resolve 'www.fis-ski.com' ([Errno 8] nodename nor servname provided, or not known)"))
  [Retry 3] HTTPSConnectionPool(host='www.fis-ski.com', port=443): Max retries exceeded with url: /DB/general/athlete-biography.html?sectorcode=SB&competitorid=220950&type=result (Caused by NameResolutionError("HTTPSConnection(host='www.fis-ski.com', port=443): Failed to resolve 'www.fis-ski.com' ([Errno 8] nodename nor servname provided, or not known)"))
  [Fail] HTTPSConnectionPool(host='www.fis-ski.com', port=443): Max retries exceeded with url: /DB/general/athlete-biography.html?sectorcode=SB&competitorid=220950&type=result (Caused by NameResolutionError("HTTPSConnection(host='www.fis-ski.com', port=443): Failed to resolve 'www.fis-ski.com' ([Errno 8] nodename nor servname provided, or not known)"))
  [Fetching] https://www.fis-ski.com/DB/general/athlete-biography.html?sectorcode=SB&competitorid=188936&type=result
  [Retry 1] HTTPSConnectionPool(host='www.fis-ski.com', port=443): Max retries exceeded with url: /DB/general/athlete-biography.html?sectorcode=SB&competitorid=188936&type=result (Caused by NameResolutionError("HTTPSConnection(host='www.fis-ski.com', port=443): Failed to resolve 'www.fis-ski.com' ([Errno 8] nodename nor servname provided, or not known)"))
  [Retry 2] HTTPSConnectionPool(host='www.fis-ski.com', port=443): Max retries exceeded with url: /DB/general/athlete-biography.html?sectorcode=SB&competitorid=188936&type=result (Caused by NameResolutionError("HTTPSConnection(host='www.fis-ski.com', port=443): Failed to resolve 'www.fis-ski.com' ([Errno 8] nodename nor servname provided, or not known)"))
  [Retry 3] HTTPSConnectionPool(host='www.fis-ski.com', port=443): Max retries exceeded with url: /DB/general/athlete-biography.html?sectorcode=SB&competitorid=188936&type=result (Caused by NameResolutionError("HTTPSConnection(host='www.fis-ski.com', port=443): Failed to resolve 'www.fis-ski.com' ([Errno 8] nodename nor servname provided, or not known)"))
  [Fail] HTTPSConnectionPool(host='www.fis-ski.com', port=443): Max retries exceeded with url: /DB/general/athlete-biography.html?sectorcode=SB&competitorid=188936&type=result (Caused by NameResolutionError("HTTPSConnection(host='www.fis-ski.com', port=443): Failed to resolve 'www.fis-ski.com' ([Errno 8] nodename nor servname provided, or not known)"))
  [Fetching] https://www.fis-ski.com/DB/general/athlete-biography.html?sectorcode=SB&competitorid=156415&type=result
  [Retry 1] HTTPSConnectionPool(host='www.fis-ski.com', port=443): Max retries exceeded with url: /DB/general/athlete-biography.html?sectorcode=SB&competitorid=156415&type=result (Caused by NameResolutionError("HTTPSConnection(host='www.fis-ski.com', port=443): Failed to resolve 'www.fis-ski.com' ([Errno 8] nodename nor servname provided, or not known)"))
  [Retry 2] HTTPSConnectionPool(host='www.fis-ski.com', port=443): Max retries exceeded with url: /DB/general/athlete-biography.html?sectorcode=SB&competitorid=156415&type=result (Caused by NameResolutionError("HTTPSConnection(host='www.fis-ski.com', port=443): Failed to resolve 'www.fis-ski.com' ([Errno 8] nodename nor servname provided, or not known)"))
  [Retry 3] HTTPSConnectionPool(host='www.fis-ski.com', port=443): Max retries exceeded with url: /DB/general/athlete-biography.html?sectorcode=SB&competitorid=156415&type=result (Caused by NameResolutionError("HTTPSConnection(host='www.fis-ski.com', port=443): Failed to resolve 'www.fis-ski.com' ([Errno 8] nodename nor servname provided, or not known)"))
  [Fail] HTTPSConnectionPool(host='www.fis-ski.com', port=443): Max retries exceeded with url: /DB/general/athlete-biography.html?sectorcode=SB&competitorid=156415&type=result (Caused by NameResolutionError("HTTPSConnection(host='www.fis-ski.com', port=443): Failed to resolve 'www.fis-ski.com' ([Errno 8] nodename nor servname provided, or not known)"))
  [Fetching] https://www.fis-ski.com/DB/general/athlete-biography.html?sectorcode=SB&competitorid=229485&type=result
  [Retry 1] HTTPSConnectionPool(host='www.fis-ski.com', port=443): Max retries exceeded with url: /DB/general/athlete-biography.html?sectorcode=SB&competitorid=229485&type=result (Caused by NameResolutionError("HTTPSConnection(host='www.fis-ski.com', port=443): Failed to resolve 'www.fis-ski.com' ([Errno 8] nodename nor servname provided, or not known)"))
  [Retry 2] HTTPSConnectionPool(host='www.fis-ski.com', port=443): Max retries exceeded with url: /DB/general/athlete-biography.html?sectorcode=SB&competitorid=229485&type=result (Caused by NameResolutionError("HTTPSConnection(host='www.fis-ski.com', port=443): Failed to resolve 'www.fis-ski.com' ([Errno 8] nodename nor servname provided, or not known)"))
  [Retry 3] HTTPSConnectionPool(host='www.fis-ski.com', port=443): Max retries exceeded with url: /DB/general/athlete-biography.html?sectorcode=SB&competitorid=229485&type=result (Caused by NameResolutionError("HTTPSConnection(host='www.fis-ski.com', port=443): Failed to resolve 'www.fis-ski.com' ([Errno 8] nodename nor servname provided, or not known)"))
  [Fail] HTTPSConnectionPool(host='www.fis-ski.com', port=443): Max retries exceeded with url: /DB/general/athlete-biography.html?sectorcode=SB&competitorid=229485&type=result (Caused by NameResolutionError("HTTPSConnection(host='www.fis-ski.com', port=443): Failed to resolve 'www.fis-ski.com' ([Errno 8] nodename nor servname provided, or not known)"))
  [Fetching] https://www.fis-ski.com/DB/general/athlete-biography.html?sectorcode=SB&competitorid=239112&type=result
  [Retry 1] HTTPSConnectionPool(host='www.fis-ski.com', port=443): Max retries exceeded with url: /DB/general/athlete-biography.html?sectorcode=SB&competitorid=239112&type=result (Caused by NameResolutionError("HTTPSConnection(host='www.fis-ski.com', port=443): Failed to resolve 'www.fis-ski.com' ([Errno 8] nodename nor servname provided, or not known)"))
  [Retry 2] HTTPSConnectionPool(host='www.fis-ski.com', port=443): Max retries exceeded with url: /DB/general/athlete-biography.html?sectorcode=SB&competitorid=239112&type=result (Caused by NameResolutionError("HTTPSConnection(host='www.fis-ski.com', port=443): Failed to resolve 'www.fis-ski.com' ([Errno 8] nodename nor servname provided, or not known)"))
  [Retry 3] HTTPSConnectionPool(host='www.fis-ski.com', port=443): Max retries exceeded with url: /DB/general/athlete-biography.html?sectorcode=SB&competitorid=239112&type=result (Caused by NameResolutionError("HTTPSConnection(host='www.fis-ski.com', port=443): Failed to resolve 'www.fis-ski.com' ([Errno 8] nodename nor servname provided, or not known)"))
  [Fail] HTTPSConnectionPool(host='www.fis-ski.com', port=443): Max retries exceeded with url: /DB/general/athlete-biography.html?sectorcode=SB&competitorid=239112&type=result (Caused by NameResolutionError("HTTPSConnection(host='www.fis-ski.com', port=443): Failed to resolve 'www.fis-ski.com' ([Errno 8] nodename nor servname provided, or not known)"))
  [Fetching] https://www.fis-ski.com/DB/general/athlete-biography.html?sectorcode=SB&competitorid=261333&type=result
  [Retry 1] HTTPSConnectionPool(host='www.fis-ski.com', port=443): Max retries exceeded with url: /DB/general/athlete-biography.html?sectorcode=SB&competitorid=261333&type=result (Caused by NameResolutionError("HTTPSConnection(host='www.fis-ski.com', port=443): Failed to resolve 'www.fis-ski.com' ([Errno 8] nodename nor servname provided, or not known)"))
  [Retry 2] HTTPSConnectionPool(host='www.fis-ski.com', port=443): Max retries exceeded with url: /DB/general/athlete-biography.html?sectorcode=SB&competitorid=261333&type=result (Caused by NameResolutionError("HTTPSConnection(host='www.fis-ski.com', port=443): Failed to resolve 'www.fis-ski.com' ([Errno 8] nodename nor servname provided, or not known)"))
  [Retry 3] HTTPSConnectionPool(host='www.fis-ski.com', port=443): Max retries exceeded with url: /DB/general/athlete-biography.html?sectorcode=SB&competitorid=261333&type=result (Caused by NameResolutionError("HTTPSConnection(host='www.fis-ski.com', port=443): Failed to resolve 'www.fis-ski.com' ([Errno 8] nodename nor servname provided, or not known)"))
  [Fail] HTTPSConnectionPool(host='www.fis-ski.com', port=443): Max retries exceeded with url: /DB/general/athlete-biography.html?sectorcode=SB&competitorid=261333&type=result (Caused by NameResolutionError("HTTPSConnection(host='www.fis-ski.com', port=443): Failed to resolve 'www.fis-ski.com' ([Errno 8] nodename nor servname provided, or not known)"))
  [Fetching] https://www.fis-ski.com/DB/general/athlete-biography.html?sectorcode=SB&competitorid=261977&type=result
  [Retry 1] HTTPSConnectionPool(host='www.fis-ski.com', port=443): Max retries exceeded with url: /DB/general/athlete-biography.html?sectorcode=SB&competitorid=261977&type=result (Caused by NameResolutionError("HTTPSConnection(host='www.fis-ski.com', port=443): Failed to resolve 'www.fis-ski.com' ([Errno 8] nodename nor servname provided, or not known)"))
  [Retry 2] HTTPSConnectionPool(host='www.fis-ski.com', port=443): Max retries exceeded with url: /DB/general/athlete-biography.html?sectorcode=SB&competitorid=261977&type=result (Caused by NameResolutionError("HTTPSConnection(host='www.fis-ski.com', port=443): Failed to resolve 'www.fis-ski.com' ([Errno 8] nodename nor servname provided, or not known)"))
  [Retry 3] HTTPSConnectionPool(host='www.fis-ski.com', port=443): Max retries exceeded with url: /DB/general/athlete-biography.html?sectorcode=SB&competitorid=261977&type=result (Caused by NameResolutionError("HTTPSConnection(host='www.fis-ski.com', port=443): Failed to resolve 'www.fis-ski.com' ([Errno 8] nodename nor servname provided, or not known)"))
  [Fail] HTTPSConnectionPool(host='www.fis-ski.com', port=443): Max retries exceeded with url: /DB/general/athlete-biography.html?sectorcode=SB&competitorid=261977&type=result (Caused by NameResolutionError("HTTPSConnection(host='www.fis-ski.com', port=443): Failed to resolve 'www.fis-ski.com' ([Errno 8] nodename nor servname provided, or not known)"))
  [Fetching] https://www.fis-ski.com/DB/general/athlete-biography.html?sectorcode=SB&competitorid=264594&type=result
  [Retry 1] HTTPSConnectionPool(host='www.fis-ski.com', port=443): Max retries exceeded with url: /DB/general/athlete-biography.html?sectorcode=SB&competitorid=264594&type=result (Caused by NameResolutionError("HTTPSConnection(host='www.fis-ski.com', port=443): Failed to resolve 'www.fis-ski.com' ([Errno 8] nodename nor servname provided, or not known)"))
  [Retry 2] HTTPSConnectionPool(host='www.fis-ski.com', port=443): Max retries exceeded with url: /DB/general/athlete-biography.html?sectorcode=SB&competitorid=264594&type=result (Caused by NameResolutionError("HTTPSConnection(host='www.fis-ski.com', port=443): Failed to resolve 'www.fis-ski.com' ([Errno 8] nodename nor servname provided, or not known)"))
  [Retry 3] HTTPSConnectionPool(host='www.fis-ski.com', port=443): Max retries exceeded with url: /DB/general/athlete-biography.html?sectorcode=SB&competitorid=264594&type=result (Caused by NameResolutionError("HTTPSConnection(host='www.fis-ski.com', port=443): Failed to resolve 'www.fis-ski.com' ([Errno 8] nodename nor servname provided, or not known)"))
  [Fail] HTTPSConnectionPool(host='www.fis-ski.com', port=443): Max retries exceeded with url: /DB/general/athlete-biography.html?sectorcode=SB&competitorid=264594&type=result (Caused by NameResolutionError("HTTPSConnection(host='www.fis-ski.com', port=443): Failed to resolve 'www.fis-ski.com' ([Errno 8] nodename nor servname provided, or not known)"))
  [Fetching] https://www.fis-ski.com/DB/general/athlete-biography.html?sectorcode=SB&competitorid=212759&type=result
  [Retry 1] HTTPSConnectionPool(host='www.fis-ski.com', port=443): Max retries exceeded with url: /DB/general/athlete-biography.html?sectorcode=SB&competitorid=212759&type=result (Caused by NameResolutionError("HTTPSConnection(host='www.fis-ski.com', port=443): Failed to resolve 'www.fis-ski.com' ([Errno 8] nodename nor servname provided, or not known)"))
  [Retry 2] HTTPSConnectionPool(host='www.fis-ski.com', port=443): Max retries exceeded with url: /DB/general/athlete-biography.html?sectorcode=SB&competitorid=212759&type=result (Caused by NameResolutionError("HTTPSConnection(host='www.fis-ski.com', port=443): Failed to resolve 'www.fis-ski.com' ([Errno 8] nodename nor servname provided, or not known)"))
  [Retry 3] HTTPSConnectionPool(host='www.fis-ski.com', port=443): Max retries exceeded with url: /DB/general/athlete-biography.html?sectorcode=SB&competitorid=212759&type=result (Caused by NameResolutionError("HTTPSConnection(host='www.fis-ski.com', port=443): Failed to resolve 'www.fis-ski.com' ([Errno 8] nodename nor servname provided, or not known)"))
  [Fail] HTTPSConnectionPool(host='www.fis-ski.com', port=443): Max retries exceeded with url: /DB/general/athlete-biography.html?sectorcode=SB&competitorid=212759&type=result (Caused by NameResolutionError("HTTPSConnection(host='www.fis-ski.com', port=443): Failed to resolve 'www.fis-ski.com' ([Errno 8] nodename nor servname provided, or not known)"))
  [Fetching] https://www.fis-ski.com/DB/general/athlete-biography.html?sectorcode=SB&competitorid=239111&type=result
  [Retry 1] HTTPSConnectionPool(host='www.fis-ski.com', port=443): Max retries exceeded with url: /DB/general/athlete-biography.html?sectorcode=SB&competitorid=239111&type=result (Caused by NameResolutionError("HTTPSConnection(host='www.fis-ski.com', port=443): Failed to resolve 'www.fis-ski.com' ([Errno 8] nodename nor servname provided, or not known)"))
  [Retry 2] HTTPSConnectionPool(host='www.fis-ski.com', port=443): Max retries exceeded with url: /DB/general/athlete-biography.html?sectorcode=SB&competitorid=239111&type=result (Caused by NameResolutionError("HTTPSConnection(host='www.fis-ski.com', port=443): Failed to resolve 'www.fis-ski.com' ([Errno 8] nodename nor servname provided, or not known)"))
  [Retry 3] HTTPSConnectionPool(host='www.fis-ski.com', port=443): Max retries exceeded with url: /DB/general/athlete-biography.html?sectorcode=SB&competitorid=239111&type=result (Caused by NameResolutionError("HTTPSConnection(host='www.fis-ski.com', port=443): Failed to resolve 'www.fis-ski.com' ([Errno 8] nodename nor servname provided, or not known)"))
  [Fail] HTTPSConnectionPool(host='www.fis-ski.com', port=443): Max retries exceeded with url: /DB/general/athlete-biography.html?sectorcode=SB&competitorid=239111&type=result (Caused by NameResolutionError("HTTPSConnection(host='www.fis-ski.com', port=443): Failed to resolve 'www.fis-ski.com' ([Errno 8] nodename nor servname provided, or not known)"))
  [Fetching] https://www.fis-ski.com/DB/general/athlete-biography.html?sectorcode=SB&competitorid=261339&type=result
  [Retry 1] HTTPSConnectionPool(host='www.fis-ski.com', port=443): Max retries exceeded with url: /DB/general/athlete-biography.html?sectorcode=SB&competitorid=261339&type=result (Caused by NameResolutionError("HTTPSConnection(host='www.fis-ski.com', port=443): Failed to resolve 'www.fis-ski.com' ([Errno 8] nodename nor servname provided, or not known)"))
  [Retry 2] HTTPSConnectionPool(host='www.fis-ski.com', port=443): Max retries exceeded with url: /DB/general/athlete-biography.html?sectorcode=SB&competitorid=261339&type=result (Caused by NameResolutionError("HTTPSConnection(host='www.fis-ski.com', port=443): Failed to resolve 'www.fis-ski.com' ([Errno 8] nodename nor servname provided, or not known)"))
  [Retry 3] HTTPSConnectionPool(host='www.fis-ski.com', port=443): Max retries exceeded with url: /DB/general/athlete-biography.html?sectorcode=SB&competitorid=261339&type=result (Caused by NameResolutionError("HTTPSConnection(host='www.fis-ski.com', port=443): Failed to resolve 'www.fis-ski.com' ([Errno 8] nodename nor servname provided, or not known)"))
  [Fail] HTTPSConnectionPool(host='www.fis-ski.com', port=443): Max retries exceeded with url: /DB/general/athlete-biography.html?sectorcode=SB&competitorid=261339&type=result (Caused by NameResolutionError("HTTPSConnection(host='www.fis-ski.com', port=443): Failed to resolve 'www.fis-ski.com' ([Errno 8] nodename nor servname provided, or not known)"))
  [Fetching] https://www.fis-ski.com/DB/general/athlete-biography.html?sectorcode=JP&competitorid=10064&type=result
  [Retry 1] HTTPSConnectionPool(host='www.fis-ski.com', port=443): Max retries exceeded with url: /DB/general/athlete-biography.html?sectorcode=JP&competitorid=10064&type=result (Caused by NameResolutionError("HTTPSConnection(host='www.fis-ski.com', port=443): Failed to resolve 'www.fis-ski.com' ([Errno 8] nodename nor servname provided, or not known)"))
  [Retry 2] HTTPSConnectionPool(host='www.fis-ski.com', port=443): Max retries exceeded with url: /DB/general/athlete-biography.html?sectorcode=JP&competitorid=10064&type=result (Caused by NameResolutionError("HTTPSConnection(host='www.fis-ski.com', port=443): Failed to resolve 'www.fis-ski.com' ([Errno 8] nodename nor servname provided, or not known)"))
  [Retry 3] HTTPSConnectionPool(host='www.fis-ski.com', port=443): Max retries exceeded with url: /DB/general/athlete-biography.html?sectorcode=JP&competitorid=10064&type=result (Caused by NameResolutionError("HTTPSConnection(host='www.fis-ski.com', port=443): Failed to resolve 'www.fis-ski.com' ([Errno 8] nodename nor servname provided, or not known)"))
  [Fail] HTTPSConnectionPool(host='www.fis-ski.com', port=443): Max retries exceeded with url: /DB/general/athlete-biography.html?sectorcode=JP&competitorid=10064&type=result (Caused by NameResolutionError("HTTPSConnection(host='www.fis-ski.com', port=443): Failed to resolve 'www.fis-ski.com' ([Errno 8] nodename nor servname provided, or not known)"))
  [Fetching] https://www.fis-ski.com/DB/general/athlete-biography.html?sectorcode=JP&competitorid=270266&type=result
  [Retry 1] HTTPSConnectionPool(host='www.fis-ski.com', port=443): Max retries exceeded with url: /DB/general/athlete-biography.html?sectorcode=JP&competitorid=270266&type=result (Caused by NameResolutionError("HTTPSConnection(host='www.fis-ski.com', port=443): Failed to resolve 'www.fis-ski.com' ([Errno 8] nodename nor servname provided, or not known)"))
  [Retry 2] HTTPSConnectionPool(host='www.fis-ski.com', port=443): Max retries exceeded with url: /DB/general/athlete-biography.html?sectorcode=JP&competitorid=270266&type=result (Caused by NameResolutionError("HTTPSConnection(host='www.fis-ski.com', port=443): Failed to resolve 'www.fis-ski.com' ([Errno 8] nodename nor servname provided, or not known)"))
  [Retry 3] HTTPSConnectionPool(host='www.fis-ski.com', port=443): Max retries exceeded with url: /DB/general/athlete-biography.html?sectorcode=JP&competitorid=270266&type=result (Caused by NameResolutionError("HTTPSConnection(host='www.fis-ski.com', port=443): Failed to resolve 'www.fis-ski.com' ([Errno 8] nodename nor servname provided, or not known)"))
  [Fail] HTTPSConnectionPool(host='www.fis-ski.com', port=443): Max retries exceeded with url: /DB/general/athlete-biography.html?sectorcode=JP&competitorid=270266&type=result (Caused by NameResolutionError("HTTPSConnection(host='www.fis-ski.com', port=443): Failed to resolve 'www.fis-ski.com' ([Errno 8] nodename nor servname provided, or not known)"))
  [Fetching] https://www.fis-ski.com/DB/general/athlete-biography.html?sectorcode=CC&competitorid=229479&type=result
  [Retry 1] HTTPSConnectionPool(host='www.fis-ski.com', port=443): Max retries exceeded with url: /DB/general/athlete-biography.html?sectorcode=CC&competitorid=229479&type=result (Caused by NameResolutionError("HTTPSConnection(host='www.fis-ski.com', port=443): Failed to resolve 'www.fis-ski.com' ([Errno 8] nodename nor servname provided, or not known)"))
  [Retry 2] HTTPSConnectionPool(host='www.fis-ski.com', port=443): Max retries exceeded with url: /DB/general/athlete-biography.html?sectorcode=CC&competitorid=229479&type=result (Caused by NameResolutionError("HTTPSConnection(host='www.fis-ski.com', port=443): Failed to resolve 'www.fis-ski.com' ([Errno 8] nodename nor servname provided, or not known)"))
  [Retry 3] HTTPSConnectionPool(host='www.fis-ski.com', port=443): Max retries exceeded with url: /DB/general/athlete-biography.html?sectorcode=CC&competitorid=229479&type=result (Caused by NameResolutionError("HTTPSConnection(host='www.fis-ski.com', port=443): Failed to resolve 'www.fis-ski.com' ([Errno 8] nodename nor servname provided, or not known)"))
  [Fail] HTTPSConnectionPool(host='www.fis-ski.com', port=443): Max retries exceeded with url: /DB/general/athlete-biography.html?sectorcode=CC&competitorid=229479&type=result (Caused by NameResolutionError("HTTPSConnection(host='www.fis-ski.com', port=443): Failed to resolve 'www.fis-ski.com' ([Errno 8] nodename nor servname provided, or not known)"))
  [Fetching] https://www.fis-ski.com/DB/general/athlete-biography.html?sectorcode=CC&competitorid=188923&type=result
  [Retry 1] HTTPSConnectionPool(host='www.fis-ski.com', port=443): Max retries exceeded with url: /DB/general/athlete-biography.html?sectorcode=CC&competitorid=188923&type=result (Caused by NameResolutionError("HTTPSConnection(host='www.fis-ski.com', port=443): Failed to resolve 'www.fis-ski.com' ([Errno 8] nodename nor servname provided, or not known)"))
  [Retry 2] HTTPSConnectionPool(host='www.fis-ski.com', port=443): Max retries exceeded with url: /DB/general/athlete-biography.html?sectorcode=CC&competitorid=188923&type=result (Caused by NameResolutionError("HTTPSConnection(host='www.fis-ski.com', port=443): Failed to resolve 'www.fis-ski.com' ([Errno 8] nodename nor servname provided, or not known)"))
  [Retry 3] HTTPSConnectionPool(host='www.fis-ski.com', port=443): Max retries exceeded with url: /DB/general/athlete-biography.html?sectorcode=CC&competitorid=188923&type=result (Caused by NameResolutionError("HTTPSConnection(host='www.fis-ski.com', port=443): Failed to resolve 'www.fis-ski.com' ([Errno 8] nodename nor servname provided, or not known)"))
  [Fail] HTTPSConnectionPool(host='www.fis-ski.com', port=443): Max retries exceeded with url: /DB/general/athlete-biography.html?sectorcode=CC&competitorid=188923&type=result (Caused by NameResolutionError("HTTPSConnection(host='www.fis-ski.com', port=443): Failed to resolve 'www.fis-ski.com' ([Errno 8] nodename nor servname provided, or not known)"))
  [Fetching] https://www.fis-ski.com/DB/general/athlete-biography.html?sectorcode=CC&competitorid=229490&type=result
  [Retry 1] HTTPSConnectionPool(host='www.fis-ski.com', port=443): Max retries exceeded with url: /DB/general/athlete-biography.html?sectorcode=CC&competitorid=229490&type=result (Caused by NameResolutionError("HTTPSConnection(host='www.fis-ski.com', port=443): Failed to resolve 'www.fis-ski.com' ([Errno 8] nodename nor servname provided, or not known)"))
  [Retry 2] HTTPSConnectionPool(host='www.fis-ski.com', port=443): Max retries exceeded with url: /DB/general/athlete-biography.html?sectorcode=CC&competitorid=229490&type=result (Caused by NameResolutionError("HTTPSConnection(host='www.fis-ski.com', port=443): Failed to resolve 'www.fis-ski.com' ([Errno 8] nodename nor servname provided, or not known)"))
  [Retry 3] HTTPSConnectionPool(host='www.fis-ski.com', port=443): Max retries exceeded with url: /DB/general/athlete-biography.html?sectorcode=CC&competitorid=229490&type=result (Caused by NameResolutionError("HTTPSConnection(host='www.fis-ski.com', port=443): Failed to resolve 'www.fis-ski.com' ([Errno 8] nodename nor servname provided, or not known)"))
  [Fail] HTTPSConnectionPool(host='www.fis-ski.com', port=443): Max retries exceeded with url: /DB/general/athlete-biography.html?sectorcode=CC&competitorid=229490&type=result (Caused by NameResolutionError("HTTPSConnection(host='www.fis-ski.com', port=443): Failed to resolve 'www.fis-ski.com' ([Errno 8] nodename nor servname provided, or not known)"))
  [Fetching] https://www.fis-ski.com/DB/general/athlete-biography.html?sectorcode=CC&competitorid=136287&type=result
  [Retry 1] HTTPSConnectionPool(host='www.fis-ski.com', port=443): Max retries exceeded with url: /DB/general/athlete-biography.html?sectorcode=CC&competitorid=136287&type=result (Caused by NameResolutionError("HTTPSConnection(host='www.fis-ski.com', port=443): Failed to resolve 'www.fis-ski.com' ([Errno 8] nodename nor servname provided, or not known)"))
  [Retry 2] HTTPSConnectionPool(host='www.fis-ski.com', port=443): Max retries exceeded with url: /DB/general/athlete-biography.html?sectorcode=CC&competitorid=136287&type=result (Caused by NameResolutionError("HTTPSConnection(host='www.fis-ski.com', port=443): Failed to resolve 'www.fis-ski.com' ([Errno 8] nodename nor servname provided, or not known)"))
  [Retry 3] HTTPSConnectionPool(host='www.fis-ski.com', port=443): Max retries exceeded with url: /DB/general/athlete-biography.html?sectorcode=CC&competitorid=136287&type=result (Caused by NameResolutionError("HTTPSConnection(host='www.fis-ski.com', port=443): Failed to resolve 'www.fis-ski.com' ([Errno 8] nodename nor servname provided, or not known)"))
  [Fail] HTTPSConnectionPool(host='www.fis-ski.com', port=443): Max retries exceeded with url: /DB/general/athlete-biography.html?sectorcode=CC&competitorid=136287&type=result (Caused by NameResolutionError("HTTPSConnection(host='www.fis-ski.com', port=443): Failed to resolve 'www.fis-ski.com' ([Errno 8] nodename nor servname provided, or not known)"))
  [Fetching] https://www.fis-ski.com/DB/general/athlete-biography.html?sectorcode=CC&competitorid=154934&type=result
  [Retry 1] HTTPSConnectionPool(host='www.fis-ski.com', port=443): Max retries exceeded with url: /DB/general/athlete-biography.html?sectorcode=CC&competitorid=154934&type=result (Caused by NameResolutionError("HTTPSConnection(host='www.fis-ski.com', port=443): Failed to resolve 'www.fis-ski.com' ([Errno 8] nodename nor servname provided, or not known)"))
  [Retry 2] HTTPSConnectionPool(host='www.fis-ski.com', port=443): Max retries exceeded with url: /DB/general/athlete-biography.html?sectorcode=CC&competitorid=154934&type=result (Caused by NameResolutionError("HTTPSConnection(host='www.fis-ski.com', port=443): Failed to resolve 'www.fis-ski.com' ([Errno 8] nodename nor servname provided, or not known)"))
  [Retry 3] HTTPSConnectionPool(host='www.fis-ski.com', port=443): Max retries exceeded with url: /DB/general/athlete-biography.html?sectorcode=CC&competitorid=154934&type=result (Caused by NameResolutionError("HTTPSConnection(host='www.fis-ski.com', port=443): Failed to resolve 'www.fis-ski.com' ([Errno 8] nodename nor servname provided, or not known)"))
  [Fail] HTTPSConnectionPool(host='www.fis-ski.com', port=443): Max retries exceeded with url: /DB/general/athlete-biography.html?sectorcode=CC&competitorid=154934&type=result (Caused by NameResolutionError("HTTPSConnection(host='www.fis-ski.com', port=443): Failed to resolve 'www.fis-ski.com' ([Errno 8] nodename nor servname provided, or not known)"))
  [Fetching] https://www.fis-ski.com/DB/general/athlete-biography.html?sectorcode=CC&competitorid=221223&type=result
  [Retry 1] HTTPSConnectionPool(host='www.fis-ski.com', port=443): Max retries exceeded with url: /DB/general/athlete-biography.html?sectorcode=CC&competitorid=221223&type=result (Caused by NameResolutionError("HTTPSConnection(host='www.fis-ski.com', port=443): Failed to resolve 'www.fis-ski.com' ([Errno 8] nodename nor servname provided, or not known)"))
  [Retry 2] HTTPSConnectionPool(host='www.fis-ski.com', port=443): Max retries exceeded with url: /DB/general/athlete-biography.html?sectorcode=CC&competitorid=221223&type=result (Caused by NameResolutionError("HTTPSConnection(host='www.fis-ski.com', port=443): Failed to resolve 'www.fis-ski.com' ([Errno 8] nodename nor servname provided, or not known)"))
  [Retry 3] HTTPSConnectionPool(host='www.fis-ski.com', port=443): Max retries exceeded with url: /DB/general/athlete-biography.html?sectorcode=CC&competitorid=221223&type=result (Caused by NameResolutionError("HTTPSConnection(host='www.fis-ski.com', port=443): Failed to resolve 'www.fis-ski.com' ([Errno 8] nodename nor servname provided, or not known)"))
  [Fail] HTTPSConnectionPool(host='www.fis-ski.com', port=443): Max retries exceeded with url: /DB/general/athlete-biography.html?sectorcode=CC&competitorid=221223&type=result (Caused by NameResolutionError("HTTPSConnection(host='www.fis-ski.com', port=443): Failed to resolve 'www.fis-ski.com' ([Errno 8] nodename nor servname provided, or not known)"))
  [Fetching] https://www.fis-ski.com/DB/general/athlete-biography.html?sectorcode=CC&competitorid=162284&type=result
  [Retry 1] HTTPSConnectionPool(host='www.fis-ski.com', port=443): Max retries exceeded with url: /DB/general/athlete-biography.html?sectorcode=CC&competitorid=162284&type=result (Caused by NameResolutionError("HTTPSConnection(host='www.fis-ski.com', port=443): Failed to resolve 'www.fis-ski.com' ([Errno 8] nodename nor servname provided, or not known)"))
  [Retry 2] HTTPSConnectionPool(host='www.fis-ski.com', port=443): Max retries exceeded with url: /DB/general/athlete-biography.html?sectorcode=CC&competitorid=162284&type=result (Caused by NameResolutionError("HTTPSConnection(host='www.fis-ski.com', port=443): Failed to resolve 'www.fis-ski.com' ([Errno 8] nodename nor servname provided, or not known)"))
  [Retry 3] HTTPSConnectionPool(host='www.fis-ski.com', port=443): Max retries exceeded with url: /DB/general/athlete-biography.html?sectorcode=CC&competitorid=162284&type=result (Caused by NameResolutionError("HTTPSConnection(host='www.fis-ski.com', port=443): Failed to resolve 'www.fis-ski.com' ([Errno 8] nodename nor servname provided, or not known)"))
  [Fail] HTTPSConnectionPool(host='www.fis-ski.com', port=443): Max retries exceeded with url: /DB/general/athlete-biography.html?sectorcode=CC&competitorid=162284&type=result (Caused by NameResolutionError("HTTPSConnection(host='www.fis-ski.com', port=443): Failed to resolve 'www.fis-ski.com' ([Errno 8] nodename nor servname provided, or not known)"))
  [Fetching] https://www.fis-ski.com/DB/general/athlete-biography.html?sectorcode=CC&competitorid=212563&type=result
  [Retry 1] HTTPSConnectionPool(host='www.fis-ski.com', port=443): Max retries exceeded with url: /DB/general/athlete-biography.html?sectorcode=CC&competitorid=212563&type=result (Caused by NameResolutionError("HTTPSConnection(host='www.fis-ski.com', port=443): Failed to resolve 'www.fis-ski.com' ([Errno 8] nodename nor servname provided, or not known)"))
  [Retry 2] HTTPSConnectionPool(host='www.fis-ski.com', port=443): Max retries exceeded with url: /DB/general/athlete-biography.html?sectorcode=CC&competitorid=212563&type=result (Caused by NameResolutionError("HTTPSConnection(host='www.fis-ski.com', port=443): Failed to resolve 'www.fis-ski.com' ([Errno 8] nodename nor servname provided, or not known)"))
  [Retry 3] HTTPSConnectionPool(host='www.fis-ski.com', port=443): Max retries exceeded with url: /DB/general/athlete-biography.html?sectorcode=CC&competitorid=212563&type=result (Caused by NameResolutionError("HTTPSConnection(host='www.fis-ski.com', port=443): Failed to resolve 'www.fis-ski.com' ([Errno 8] nodename nor servname provided, or not known)"))
  [Fail] HTTPSConnectionPool(host='www.fis-ski.com', port=443): Max retries exceeded with url: /DB/general/athlete-biography.html?sectorcode=CC&competitorid=212563&type=result (Caused by NameResolutionError("HTTPSConnection(host='www.fis-ski.com', port=443): Failed to resolve 'www.fis-ski.com' ([Errno 8] nodename nor servname provided, or not known)"))
  [Fetching] https://www.fis-ski.com/DB/general/athlete-biography.html?sectorcode=CC&competitorid=195562&type=result
  [Retry 1] HTTPSConnectionPool(host='www.fis-ski.com', port=443): Max retries exceeded with url: /DB/general/athlete-biography.html?sectorcode=CC&competitorid=195562&type=result (Caused by NameResolutionError("HTTPSConnection(host='www.fis-ski.com', port=443): Failed to resolve 'www.fis-ski.com' ([Errno 8] nodename nor servname provided, or not known)"))
  [Retry 2] HTTPSConnectionPool(host='www.fis-ski.com', port=443): Max retries exceeded with url: /DB/general/athlete-biography.html?sectorcode=CC&competitorid=195562&type=result (Caused by NameResolutionError("HTTPSConnection(host='www.fis-ski.com', port=443): Failed to resolve 'www.fis-ski.com' ([Errno 8] nodename nor servname provided, or not known)"))
  [Retry 3] HTTPSConnectionPool(host='www.fis-ski.com', port=443): Max retries exceeded with url: /DB/general/athlete-biography.html?sectorcode=CC&competitorid=195562&type=result (Caused by NameResolutionError("HTTPSConnection(host='www.fis-ski.com', port=443): Failed to resolve 'www.fis-ski.com' ([Errno 8] nodename nor servname provided, or not known)"))
  [Fail] HTTPSConnectionPool(host='www.fis-ski.com', port=443): Max retries exceeded with url: /DB/general/athlete-biography.html?sectorcode=CC&competitorid=195562&type=result (Caused by NameResolutionError("HTTPSConnection(host='www.fis-ski.com', port=443): Failed to resolve 'www.fis-ski.com' ([Errno 8] nodename nor servname provided, or not known)"))
  [Fetching] https://www.fis-ski.com/DB/general/athlete-biography.html?sectorcode=AL&competitorid=93945&type=result
  [Retry 1] HTTPSConnectionPool(host='www.fis-ski.com', port=443): Max retries exceeded with url: /DB/general/athlete-biography.html?sectorcode=AL&competitorid=93945&type=result (Caused by NameResolutionError("HTTPSConnection(host='www.fis-ski.com', port=443): Failed to resolve 'www.fis-ski.com' ([Errno 8] nodename nor servname provided, or not known)"))
  [Retry 2] HTTPSConnectionPool(host='www.fis-ski.com', port=443): Max retries exceeded with url: /DB/general/athlete-biography.html?sectorcode=AL&competitorid=93945&type=result (Caused by NameResolutionError("HTTPSConnection(host='www.fis-ski.com', port=443): Failed to resolve 'www.fis-ski.com' ([Errno 8] nodename nor servname provided, or not known)"))
  [Retry 3] HTTPSConnectionPool(host='www.fis-ski.com', port=443): Max retries exceeded with url: /DB/general/athlete-biography.html?sectorcode=AL&competitorid=93945&type=result (Caused by NameResolutionError("HTTPSConnection(host='www.fis-ski.com', port=443): Failed to resolve 'www.fis-ski.com' ([Errno 8] nodename nor servname provided, or not known)"))
  [Fail] HTTPSConnectionPool(host='www.fis-ski.com', port=443): Max retries exceeded with url: /DB/general/athlete-biography.html?sectorcode=AL&competitorid=93945&type=result (Caused by NameResolutionError("HTTPSConnection(host='www.fis-ski.com', port=443): Failed to resolve 'www.fis-ski.com' ([Errno 8] nodename nor servname provided, or not known)"))
  [Fetching] https://www.fis-ski.com/DB/general/athlete-biography.html?sectorcode=AL&competitorid=154866&type=result
  [Retry 1] HTTPSConnectionPool(host='www.fis-ski.com', port=443): Max retries exceeded with url: /DB/general/athlete-biography.html?sectorcode=AL&competitorid=154866&type=result (Caused by NameResolutionError("HTTPSConnection(host='www.fis-ski.com', port=443): Failed to resolve 'www.fis-ski.com' ([Errno 8] nodename nor servname provided, or not known)"))
  [Retry 2] HTTPSConnectionPool(host='www.fis-ski.com', port=443): Max retries exceeded with url: /DB/general/athlete-biography.html?sectorcode=AL&competitorid=154866&type=result (Caused by NameResolutionError("HTTPSConnection(host='www.fis-ski.com', port=443): Failed to resolve 'www.fis-ski.com' ([Errno 8] nodename nor servname provided, or not known)"))
  [Retry 3] HTTPSConnectionPool(host='www.fis-ski.com', port=443): Max retries exceeded with url: /DB/general/athlete-biography.html?sectorcode=AL&competitorid=154866&type=result (Caused by NameResolutionError("HTTPSConnection(host='www.fis-ski.com', port=443): Failed to resolve 'www.fis-ski.com' ([Errno 8] nodename nor servname provided, or not known)"))
  [Fail] HTTPSConnectionPool(host='www.fis-ski.com', port=443): Max retries exceeded with url: /DB/general/athlete-biography.html?sectorcode=AL&competitorid=154866&type=result (Caused by NameResolutionError("HTTPSConnection(host='www.fis-ski.com', port=443): Failed to resolve 'www.fis-ski.com' ([Errno 8] nodename nor servname provided, or not known)"))
  [Fetching] https://www.fis-ski.com/DB/general/athlete-biography.html?sectorcode=AL&competitorid=163737&type=result
  [Retry 1] HTTPSConnectionPool(host='www.fis-ski.com', port=443): Max retries exceeded with url: /DB/general/athlete-biography.html?sectorcode=AL&competitorid=163737&type=result (Caused by NameResolutionError("HTTPSConnection(host='www.fis-ski.com', port=443): Failed to resolve 'www.fis-ski.com' ([Errno 8] nodename nor servname provided, or not known)"))
  [Retry 2] HTTPSConnectionPool(host='www.fis-ski.com', port=443): Max retries exceeded with url: /DB/general/athlete-biography.html?sectorcode=AL&competitorid=163737&type=result (Caused by NameResolutionError("HTTPSConnection(host='www.fis-ski.com', port=443): Failed to resolve 'www.fis-ski.com' ([Errno 8] nodename nor servname provided, or not known)"))
  [Retry 3] HTTPSConnectionPool(host='www.fis-ski.com', port=443): Max retries exceeded with url: /DB/general/athlete-biography.html?sectorcode=AL&competitorid=163737&type=result (Caused by NameResolutionError("HTTPSConnection(host='www.fis-ski.com', port=443): Failed to resolve 'www.fis-ski.com' ([Errno 8] nodename nor servname provided, or not known)"))
  [Fail] HTTPSConnectionPool(host='www.fis-ski.com', port=443): Max retries exceeded with url: /DB/general/athlete-biography.html?sectorcode=AL&competitorid=163737&type=result (Caused by NameResolutionError("HTTPSConnection(host='www.fis-ski.com', port=443): Failed to resolve 'www.fis-ski.com' ([Errno 8] nodename nor servname provided, or not known)"))
  [Fetching] https://www.fis-ski.com/DB/general/athlete-biography.html?sectorcode=AL&competitorid=163740&type=result
  [Retry 1] HTTPSConnectionPool(host='www.fis-ski.com', port=443): Max retries exceeded with url: /DB/general/athlete-biography.html?sectorcode=AL&competitorid=163740&type=result (Caused by NameResolutionError("HTTPSConnection(host='www.fis-ski.com', port=443): Failed to resolve 'www.fis-ski.com' ([Errno 8] nodename nor servname provided, or not known)"))
  [Retry 2] HTTPSConnectionPool(host='www.fis-ski.com', port=443): Max retries exceeded with url: /DB/general/athlete-biography.html?sectorcode=AL&competitorid=163740&type=result (Caused by NameResolutionError("HTTPSConnection(host='www.fis-ski.com', port=443): Failed to resolve 'www.fis-ski.com' ([Errno 8] nodename nor servname provided, or not known)"))
  [Retry 3] HTTPSConnectionPool(host='www.fis-ski.com', port=443): Max retries exceeded with url: /DB/general/athlete-biography.html?sectorcode=AL&competitorid=163740&type=result (Caused by NameResolutionError("HTTPSConnection(host='www.fis-ski.com', port=443): Failed to resolve 'www.fis-ski.com' ([Errno 8] nodename nor servname provided, or not known)"))
  [Fail] HTTPSConnectionPool(host='www.fis-ski.com', port=443): Max retries exceeded with url: /DB/general/athlete-biography.html?sectorcode=AL&competitorid=163740&type=result (Caused by NameResolutionError("HTTPSConnection(host='www.fis-ski.com', port=443): Failed to resolve 'www.fis-ski.com' ([Errno 8] nodename nor servname provided, or not known)"))
  [Fetching] https://www.fis-ski.com/DB/general/athlete-biography.html?sectorcode=AL&competitorid=189170&type=result
  [Retry 1] HTTPSConnectionPool(host='www.fis-ski.com', port=443): Max retries exceeded with url: /DB/general/athlete-biography.html?sectorcode=AL&competitorid=189170&type=result (Caused by NameResolutionError("HTTPSConnection(host='www.fis-ski.com', port=443): Failed to resolve 'www.fis-ski.com' ([Errno 8] nodename nor servname provided, or not known)"))
  [Retry 2] HTTPSConnectionPool(host='www.fis-ski.com', port=443): Max retries exceeded with url: /DB/general/athlete-biography.html?sectorcode=AL&competitorid=189170&type=result (Caused by NameResolutionError("HTTPSConnection(host='www.fis-ski.com', port=443): Failed to resolve 'www.fis-ski.com' ([Errno 8] nodename nor servname provided, or not known)"))
  [Retry 3] HTTPSConnectionPool(host='www.fis-ski.com', port=443): Max retries exceeded with url: /DB/general/athlete-biography.html?sectorcode=AL&competitorid=189170&type=result (Caused by NameResolutionError("HTTPSConnection(host='www.fis-ski.com', port=443): Failed to resolve 'www.fis-ski.com' ([Errno 8] nodename nor servname provided, or not known)"))
  [Fail] HTTPSConnectionPool(host='www.fis-ski.com', port=443): Max retries exceeded with url: /DB/general/athlete-biography.html?sectorcode=AL&competitorid=189170&type=result (Caused by NameResolutionError("HTTPSConnection(host='www.fis-ski.com', port=443): Failed to resolve 'www.fis-ski.com' ([Errno 8] nodename nor servname provided, or not known)"))
  [Fetching] https://www.fis-ski.com/DB/general/athlete-biography.html?sectorcode=AL&competitorid=188824&type=result
  [Retry 1] HTTPSConnectionPool(host='www.fis-ski.com', port=443): Max retries exceeded with url: /DB/general/athlete-biography.html?sectorcode=AL&competitorid=188824&type=result (Caused by NameResolutionError("HTTPSConnection(host='www.fis-ski.com', port=443): Failed to resolve 'www.fis-ski.com' ([Errno 8] nodename nor servname provided, or not known)"))
  [Retry 2] HTTPSConnectionPool(host='www.fis-ski.com', port=443): Max retries exceeded with url: /DB/general/athlete-biography.html?sectorcode=AL&competitorid=188824&type=result (Caused by NameResolutionError("HTTPSConnection(host='www.fis-ski.com', port=443): Failed to resolve 'www.fis-ski.com' ([Errno 8] nodename nor servname provided, or not known)"))
  [Retry 3] HTTPSConnectionPool(host='www.fis-ski.com', port=443): Max retries exceeded with url: /DB/general/athlete-biography.html?sectorcode=AL&competitorid=188824&type=result (Caused by NameResolutionError("HTTPSConnection(host='www.fis-ski.com', port=443): Failed to resolve 'www.fis-ski.com' ([Errno 8] nodename nor servname provided, or not known)"))
  [Fail] HTTPSConnectionPool(host='www.fis-ski.com', port=443): Max retries exceeded with url: /DB/general/athlete-biography.html?sectorcode=AL&competitorid=188824&type=result (Caused by NameResolutionError("HTTPSConnection(host='www.fis-ski.com', port=443): Failed to resolve 'www.fis-ski.com' ([Errno 8] nodename nor servname provided, or not known)"))
  [Fetching] https://www.fis-ski.com/DB/general/athlete-biography.html?sectorcode=AL&competitorid=203604&type=result
  [Retry 1] HTTPSConnectionPool(host='www.fis-ski.com', port=443): Max retries exceeded with url: /DB/general/athlete-biography.html?sectorcode=AL&competitorid=203604&type=result (Caused by NameResolutionError("HTTPSConnection(host='www.fis-ski.com', port=443): Failed to resolve 'www.fis-ski.com' ([Errno 8] nodename nor servname provided, or not known)"))
  [Retry 2] HTTPSConnectionPool(host='www.fis-ski.com', port=443): Max retries exceeded with url: /DB/general/athlete-biography.html?sectorcode=AL&competitorid=203604&type=result (Caused by NameResolutionError("HTTPSConnection(host='www.fis-ski.com', port=443): Failed to resolve 'www.fis-ski.com' ([Errno 8] nodename nor servname provided, or not known)"))
  [Retry 3] HTTPSConnectionPool(host='www.fis-ski.com', port=443): Max retries exceeded with url: /DB/general/athlete-biography.html?sectorcode=AL&competitorid=203604&type=result (Caused by NameResolutionError("HTTPSConnection(host='www.fis-ski.com', port=443): Failed to resolve 'www.fis-ski.com' ([Errno 8] nodename nor servname provided, or not known)"))
  [Fail] HTTPSConnectionPool(host='www.fis-ski.com', port=443): Max retries exceeded with url: /DB/general/athlete-biography.html?sectorcode=AL&competitorid=203604&type=result (Caused by NameResolutionError("HTTPSConnection(host='www.fis-ski.com', port=443): Failed to resolve 'www.fis-ski.com' ([Errno 8] nodename nor servname provided, or not known)"))
  [Fetching] https://www.fis-ski.com/DB/general/athlete-biography.html?sectorcode=AL&competitorid=177571&type=result
  [Retry 1] HTTPSConnectionPool(host='www.fis-ski.com', port=443): Max retries exceeded with url: /DB/general/athlete-biography.html?sectorcode=AL&competitorid=177571&type=result (Caused by NameResolutionError("HTTPSConnection(host='www.fis-ski.com', port=443): Failed to resolve 'www.fis-ski.com' ([Errno 8] nodename nor servname provided, or not known)"))
  [Retry 2] HTTPSConnectionPool(host='www.fis-ski.com', port=443): Max retries exceeded with url: /DB/general/athlete-biography.html?sectorcode=AL&competitorid=177571&type=result (Caused by NameResolutionError("HTTPSConnection(host='www.fis-ski.com', port=443): Failed to resolve 'www.fis-ski.com' ([Errno 8] nodename nor servname provided, or not known)"))
  [Retry 3] HTTPSConnectionPool(host='www.fis-ski.com', port=443): Max retries exceeded with url: /DB/general/athlete-biography.html?sectorcode=AL&competitorid=177571&type=result (Caused by NameResolutionError("HTTPSConnection(host='www.fis-ski.com', port=443): Failed to resolve 'www.fis-ski.com' ([Errno 8] nodename nor servname provided, or not known)"))
  [Fail] HTTPSConnectionPool(host='www.fis-ski.com', port=443): Max retries exceeded with url: /DB/general/athlete-biography.html?sectorcode=AL&competitorid=177571&type=result (Caused by NameResolutionError("HTTPSConnection(host='www.fis-ski.com', port=443): Failed to resolve 'www.fis-ski.com' ([Errno 8] nodename nor servname provided, or not known)"))
  [Fetching] https://www.fis-ski.com/DB/general/athlete-biography.html?sectorcode=AL&competitorid=263315&type=result
  [Retry 1] HTTPSConnectionPool(host='www.fis-ski.com', port=443): Max retries exceeded with url: /DB/general/athlete-biography.html?sectorcode=AL&competitorid=263315&type=result (Caused by NameResolutionError("HTTPSConnection(host='www.fis-ski.com', port=443): Failed to resolve 'www.fis-ski.com' ([Errno 8] nodename nor servname provided, or not known)"))
  [Retry 2] HTTPSConnectionPool(host='www.fis-ski.com', port=443): Max retries exceeded with url: /DB/general/athlete-biography.html?sectorcode=AL&competitorid=263315&type=result (Caused by NameResolutionError("HTTPSConnection(host='www.fis-ski.com', port=443): Failed to resolve 'www.fis-ski.com' ([Errno 8] nodename nor servname provided, or not known)"))
  [Retry 3] HTTPSConnectionPool(host='www.fis-ski.com', port=443): Max retries exceeded with url: /DB/general/athlete-biography.html?sectorcode=AL&competitorid=263315&type=result (Caused by NameResolutionError("HTTPSConnection(host='www.fis-ski.com', port=443): Failed to resolve 'www.fis-ski.com' ([Errno 8] nodename nor servname provided, or not known)"))
  [Fail] HTTPSConnectionPool(host='www.fis-ski.com', port=443): Max retries exceeded with url: /DB/general/athlete-biography.html?sectorcode=AL&competitorid=263315&type=result (Caused by NameResolutionError("HTTPSConnection(host='www.fis-ski.com', port=443): Failed to resolve 'www.fis-ski.com' ([Errno 8] nodename nor servname provided, or not known)"))
  [Fetching] https://www.fis-ski.com/DB/general/athlete-biography.html?sectorcode=AL&competitorid=261321&type=result
  [Retry 1] HTTPSConnectionPool(host='www.fis-ski.com', port=443): Max retries exceeded with url: /DB/general/athlete-biography.html?sectorcode=AL&competitorid=261321&type=result (Caused by NameResolutionError("HTTPSConnection(host='www.fis-ski.com', port=443): Failed to resolve 'www.fis-ski.com' ([Errno 8] nodename nor servname provided, or not known)"))
  [Retry 2] HTTPSConnectionPool(host='www.fis-ski.com', port=443): Max retries exceeded with url: /DB/general/athlete-biography.html?sectorcode=AL&competitorid=261321&type=result (Caused by NameResolutionError("HTTPSConnection(host='www.fis-ski.com', port=443): Failed to resolve 'www.fis-ski.com' ([Errno 8] nodename nor servname provided, or not known)"))
  [Retry 3] HTTPSConnectionPool(host='www.fis-ski.com', port=443): Max retries exceeded with url: /DB/general/athlete-biography.html?sectorcode=AL&competitorid=261321&type=result (Caused by NameResolutionError("HTTPSConnection(host='www.fis-ski.com', port=443): Failed to resolve 'www.fis-ski.com' ([Errno 8] nodename nor servname provided, or not known)"))
  [Fail] HTTPSConnectionPool(host='www.fis-ski.com', port=443): Max retries exceeded with url: /DB/general/athlete-biography.html?sectorcode=AL&competitorid=261321&type=result (Caused by NameResolutionError("HTTPSConnection(host='www.fis-ski.com', port=443): Failed to resolve 'www.fis-ski.com' ([Errno 8] nodename nor servname provided, or not known)"))
⚠️ Failed URLs logged: scripts/data/cache/logs/failed_urls.txt (43)
📊 Scraper stats: {'requested': 43, 'fetched': 0, 'cache_hit': 0, 'stale_cache_fallback': 0, 'hard_fail': 43}
✓ Agent A finished: 0 profiles collected.
📈 Success rate: 0.00%
⚙️ Agent B: Processing data...
✅ Agent B: Data pushed to /Users/jenkim/Downloads/05_프로젝트_개발/2026_Antigravity/projects/team-korea-winter-2025-26_20260123/V6/v7_복구/scripts/data/athletes.json (0 records)
🩺 Health report saved: /Users/jenkim/Downloads/05_프로젝트_개발/2026_Antigravity/projects/team-korea-winter-2025-26_20260123/V6/v7_복구/scripts/logs/real_sync_health_20260216_091618.json
=============================================
❌ Pipeline failed strict success-rate gate.
