[START] 2026-02-18 21:18:13
[INFO] ROOT_DIR=/Users/jenkim/Downloads/05_프로젝트_개발/2026_Antigravity/projects/team-korea-winter-2025-26_20260123/V6/v7_복구
[STEP] data pipeline (v7_복구 local scripts)
🚀 Team Korea Data Pipeline (V6 Agent System)
=============================================
📋 Found 43 athlete URLs.
🔍 Agent A: Scraping 43 athletes...
  [Fetching] https://www.fis-ski.com/DB/general/athlete-biography.html?sectorcode=FS&competitorid=235622&type=result
  [Fetching] https://www.fis-ski.com/DB/general/athlete-biography.html?sectorcode=FS&competitorid=239278&type=result
  [Fetching] https://www.fis-ski.com/DB/general/athlete-biography.html?sectorcode=FS&competitorid=233691&type=result
  [Fetching] https://www.fis-ski.com/DB/general/athlete-biography.html?sectorcode=FS&competitorid=203633&type=result
  [Fetching] https://www.fis-ski.com/DB/general/athlete-biography.html?sectorcode=FS&competitorid=235623&type=result
  [Fetching] https://www.fis-ski.com/DB/general/athlete-biography.html?sectorcode=FS&competitorid=229480&type=result
  [Fetching] https://www.fis-ski.com/DB/general/athlete-biography.html?sectorcode=FS&competitorid=252896&type=result
  [Fetching] https://www.fis-ski.com/DB/general/athlete-biography.html?sectorcode=FS&competitorid=258758&type=result
  [Fetching] https://www.fis-ski.com/DB/general/athlete-biography.html?sectorcode=SB&competitorid=163744&type=result
  [Fetching] https://www.fis-ski.com/DB/general/athlete-biography.html?sectorcode=SB&competitorid=111837&type=result
  [Fetching] https://www.fis-ski.com/DB/general/athlete-biography.html?sectorcode=SB&competitorid=188938&type=result
  [Fetching] https://www.fis-ski.com/DB/general/athlete-biography.html?sectorcode=SB&competitorid=220950&type=result
  [Fetching] https://www.fis-ski.com/DB/general/athlete-biography.html?sectorcode=SB&competitorid=188936&type=result
  [Fetching] https://www.fis-ski.com/DB/general/athlete-biography.html?sectorcode=SB&competitorid=156415&type=result
  [Fetching] https://www.fis-ski.com/DB/general/athlete-biography.html?sectorcode=SB&competitorid=229485&type=result
  [Fetching] https://www.fis-ski.com/DB/general/athlete-biography.html?sectorcode=SB&competitorid=239112&type=result
  [Fetching] https://www.fis-ski.com/DB/general/athlete-biography.html?sectorcode=SB&competitorid=261333&type=result
  [Fetching] https://www.fis-ski.com/DB/general/athlete-biography.html?sectorcode=SB&competitorid=261977&type=result
  [Fetching] https://www.fis-ski.com/DB/general/athlete-biography.html?sectorcode=SB&competitorid=264594&type=result
  [Fetching] https://www.fis-ski.com/DB/general/athlete-biography.html?sectorcode=SB&competitorid=212759&type=result
  [Fetching] https://www.fis-ski.com/DB/general/athlete-biography.html?sectorcode=SB&competitorid=239111&type=result
  [Fetching] https://www.fis-ski.com/DB/general/athlete-biography.html?sectorcode=SB&competitorid=261339&type=result
  [Fetching] https://www.fis-ski.com/DB/general/athlete-biography.html?sectorcode=JP&competitorid=10064&type=result
  [Fetching] https://www.fis-ski.com/DB/general/athlete-biography.html?sectorcode=JP&competitorid=270266&type=result
  [Fetching] https://www.fis-ski.com/DB/general/athlete-biography.html?sectorcode=CC&competitorid=229479&type=result
  [Fetching] https://www.fis-ski.com/DB/general/athlete-biography.html?sectorcode=CC&competitorid=188923&type=result
  [Fetching] https://www.fis-ski.com/DB/general/athlete-biography.html?sectorcode=CC&competitorid=229490&type=result
  [Fetching] https://www.fis-ski.com/DB/general/athlete-biography.html?sectorcode=CC&competitorid=136287&type=result
  [Fetching] https://www.fis-ski.com/DB/general/athlete-biography.html?sectorcode=CC&competitorid=154934&type=result
  [Fetching] https://www.fis-ski.com/DB/general/athlete-biography.html?sectorcode=CC&competitorid=221223&type=result
  [Fetching] https://www.fis-ski.com/DB/general/athlete-biography.html?sectorcode=CC&competitorid=162284&type=result
  [Fetching] https://www.fis-ski.com/DB/general/athlete-biography.html?sectorcode=CC&competitorid=212563&type=result
  [Fetching] https://www.fis-ski.com/DB/general/athlete-biography.html?sectorcode=CC&competitorid=195562&type=result
  [Fetching] https://www.fis-ski.com/DB/general/athlete-biography.html?sectorcode=AL&competitorid=93945&type=result
  [Fetching] https://www.fis-ski.com/DB/general/athlete-biography.html?sectorcode=AL&competitorid=154866&type=result
  [Fetching] https://www.fis-ski.com/DB/general/athlete-biography.html?sectorcode=AL&competitorid=163737&type=result
  [Fetching] https://www.fis-ski.com/DB/general/athlete-biography.html?sectorcode=AL&competitorid=163740&type=result
  [Fetching] https://www.fis-ski.com/DB/general/athlete-biography.html?sectorcode=AL&competitorid=189170&type=result
  [Fetching] https://www.fis-ski.com/DB/general/athlete-biography.html?sectorcode=AL&competitorid=188824&type=result
  [Fetching] https://www.fis-ski.com/DB/general/athlete-biography.html?sectorcode=AL&competitorid=203604&type=result
  [Fetching] https://www.fis-ski.com/DB/general/athlete-biography.html?sectorcode=AL&competitorid=177571&type=result
  [Fetching] https://www.fis-ski.com/DB/general/athlete-biography.html?sectorcode=AL&competitorid=263315&type=result
  [Fetching] https://www.fis-ski.com/DB/general/athlete-biography.html?sectorcode=AL&competitorid=261321&type=result
📊 Scraper stats: {'requested': 43, 'fetched': 43, 'cache_hit': 0, 'stale_cache_fallback': 0, 'hard_fail': 0}
✓ Agent A finished: 43 profiles collected.
📈 Success rate: 100.00%
⚙️ Agent B: Processing data...
✅ Agent B: Data pushed to /Users/jenkim/Downloads/05_프로젝트_개발/2026_Antigravity/projects/team-korea-winter-2025-26_20260123/V6/v7_복구/scripts/data/athletes.json (43 records)
🩺 Health report saved: /Users/jenkim/Downloads/05_프로젝트_개발/2026_Antigravity/projects/team-korea-winter-2025-26_20260123/V6/v7_복구/scripts/logs/real_sync_health_20260218_211813.json
=============================================
✅ Pipeline Complete. V6 Dashboard Data Updated.
[STEP] patch real-site index.js data block
backup=/Users/jenkim/Downloads/05_프로젝트_개발/2026_Antigravity/projects/team-korea-winter-2025-26_20260123/V6/v7_복구/index.js.bak_1771417165833
athletes=43
updated_athletes=43
result_count=2000
max_event_date=2026-02-18
[STEP] data consistency audit (43 athletes)
{
  "athletes": 43,
  "sports": {
    "freeski": 5,
    "moguls": 3,
    "snowboard_alpine": 6,
    "snowboard_cross": 1,
    "snowboard_park": 7,
    "ski_jumping": 2,
    "cross_country": 9,
    "alpine_skiing": 10
  },
  "order_issue_count": 0,
  "profile_modal_mismatch_count": 0,
  "order_issues_preview": [],
  "profile_modal_mismatch_preview": []
}
[STEP] refresh index.html with hash-busted asset urls
[STEP] record hashes
timestamp=20260218_211813
target_index_js_sha256=d6aa9d29d60fa203cb2ad5c38d9e28043a92734666f7505ec9e2b5cc18ebb0b7
target_index_css_sha256=ae6bea22ff78eff2f9aaa7fbab3d4877975557b51042835a65b0afff262cc3f2
target_index_html_sha256=414e8c56d3b9658b4b0fcca9e028fdebe9468f8e57a237ad6096350036b91c45
target_max_event_date=2026-02-18
target_index_js_path=/Users/jenkim/Downloads/05_프로젝트_개발/2026_Antigravity/projects/team-korea-winter-2025-26_20260123/V6/v7_복구/index.js
target_index_css_path=/Users/jenkim/Downloads/05_프로젝트_개발/2026_Antigravity/projects/team-korea-winter-2025-26_20260123/V6/v7_복구/index.css
target_index_html_path=/Users/jenkim/Downloads/05_프로젝트_개발/2026_Antigravity/projects/team-korea-winter-2025-26_20260123/V6/v7_복구/index.html
[DONE] real-site sync complete
[LOG] /Users/jenkim/Downloads/05_프로젝트_개발/2026_Antigravity/projects/team-korea-winter-2025-26_20260123/V6/v7_복구/scripts/logs/real_sync_20260218_211813.log
[HASH] /Users/jenkim/Downloads/05_프로젝트_개발/2026_Antigravity/projects/team-korea-winter-2025-26_20260123/V6/v7_복구/scripts/logs/real_sync_hash_20260218_211813.txt
[HEALTH] /Users/jenkim/Downloads/05_프로젝트_개발/2026_Antigravity/projects/team-korea-winter-2025-26_20260123/V6/v7_복구/scripts/logs/real_sync_health_20260218_211813.json
